{"C:\\Users\\Joanna\\Desktop\\DEV\\GrowTwitter\\GrowTwitter-FrontEnd\\src\\assets\\dark.svg": {"path":"C:\\Users\\Joanna\\Desktop\\DEV\\GrowTwitter\\GrowTwitter-FrontEnd\\src\\assets\\dark.svg","statementMap":{},"fnMap":{},"branchMap":{},"s":{},"f":{},"b":{},"meta":{"lastBranch":0,"lastFunction":0,"lastStatement":0,"seen":{}}}
,"C:\\Users\\Joanna\\Desktop\\DEV\\GrowTwitter\\GrowTwitter-FrontEnd\\src\\assets\\light.svg": {"path":"C:\\Users\\Joanna\\Desktop\\DEV\\GrowTwitter\\GrowTwitter-FrontEnd\\src\\assets\\light.svg","statementMap":{},"fnMap":{},"branchMap":{},"s":{},"f":{},"b":{},"meta":{"lastBranch":0,"lastFunction":0,"lastStatement":0,"seen":{}}}
,"C:\\Users\\Joanna\\Desktop\\DEV\\GrowTwitter\\GrowTwitter-FrontEnd\\src\\assets\\link-photo.svg": {"path":"C:\\Users\\Joanna\\Desktop\\DEV\\GrowTwitter\\GrowTwitter-FrontEnd\\src\\assets\\link-photo.svg","statementMap":{},"fnMap":{},"branchMap":{},"s":{},"f":{},"b":{},"meta":{"lastBranch":0,"lastFunction":0,"lastStatement":0,"seen":{}}}
,"C:\\Users\\Joanna\\Desktop\\DEV\\GrowTwitter\\GrowTwitter-FrontEnd\\src\\assets\\Icons\\BackIcon.tsx": {"path":"C:\\Users\\Joanna\\Desktop\\DEV\\GrowTwitter\\GrowTwitter-FrontEnd\\src\\assets\\Icons\\BackIcon.tsx","statementMap":{"0":{"start":{"line":5,"column":8},"end":{"line":5,"column":null}},"1":{"start":{"line":6,"column":16},"end":{"line":6,"column":null}},"2":{"start":{"line":7,"column":20},"end":{"line":7,"column":null}},"3":{"start":{"line":9,"column":2},"end":{"line":41,"column":null}}},"fnMap":{"0":{"name":"BackIcon","decl":{"start":{"line":4,"column":16},"end":{"line":4,"column":27}},"loc":{"start":{"line":4,"column":27},"end":{"line":43,"column":null}},"line":4}},"branchMap":{"0":{"loc":{"start":{"line":6,"column":16},"end":{"line":6,"column":null}},"type":"binary-expr","locations":[{"start":{"line":6,"column":16},"end":{"line":6,"column":39}},{"start":{"line":6,"column":39},"end":{"line":6,"column":null}}],"line":6},"1":{"loc":{"start":{"line":7,"column":20},"end":{"line":7,"column":null}},"type":"cond-expr","locations":[{"start":{"line":7,"column":39},"end":{"line":7,"column":51}},{"start":{"line":7,"column":51},"end":{"line":7,"column":null}}],"line":7}},"s":{"0":0,"1":0,"2":0,"3":0},"f":{"0":0},"b":{"0":[0,0],"1":[0,0]},"meta":{"lastBranch":2,"lastFunction":1,"lastStatement":4,"seen":{"f:4:16:4:27":0,"s:5:8:5:Infinity":0,"s:6:16:6:Infinity":1,"b:6:16:6:39:6:39:6:Infinity":0,"s:7:20:7:Infinity":2,"b:7:39:7:51:7:51:7:Infinity":1,"s:9:2:41:Infinity":3}}}
,"C:\\Users\\Joanna\\Desktop\\DEV\\GrowTwitter\\GrowTwitter-FrontEnd\\src\\assets\\Icons\\CloseIcon.tsx": {"path":"C:\\Users\\Joanna\\Desktop\\DEV\\GrowTwitter\\GrowTwitter-FrontEnd\\src\\assets\\Icons\\CloseIcon.tsx","statementMap":{"0":{"start":{"line":5,"column":8},"end":{"line":5,"column":null}},"1":{"start":{"line":6,"column":16},"end":{"line":6,"column":null}},"2":{"start":{"line":7,"column":20},"end":{"line":7,"column":null}},"3":{"start":{"line":9,"column":2},"end":{"line":34,"column":null}}},"fnMap":{"0":{"name":"CloseIcon","decl":{"start":{"line":4,"column":16},"end":{"line":4,"column":28}},"loc":{"start":{"line":4,"column":28},"end":{"line":36,"column":null}},"line":4}},"branchMap":{"0":{"loc":{"start":{"line":6,"column":16},"end":{"line":6,"column":null}},"type":"binary-expr","locations":[{"start":{"line":6,"column":16},"end":{"line":6,"column":39}},{"start":{"line":6,"column":39},"end":{"line":6,"column":null}}],"line":6},"1":{"loc":{"start":{"line":7,"column":20},"end":{"line":7,"column":null}},"type":"cond-expr","locations":[{"start":{"line":7,"column":39},"end":{"line":7,"column":51}},{"start":{"line":7,"column":51},"end":{"line":7,"column":null}}],"line":7}},"s":{"0":0,"1":0,"2":0,"3":0},"f":{"0":0},"b":{"0":[0,0],"1":[0,0]},"meta":{"lastBranch":2,"lastFunction":1,"lastStatement":4,"seen":{"f:4:16:4:28":0,"s:5:8:5:Infinity":0,"s:6:16:6:Infinity":1,"b:6:16:6:39:6:39:6:Infinity":0,"s:7:20:7:Infinity":2,"b:7:39:7:51:7:51:7:Infinity":1,"s:9:2:34:Infinity":3}}}
,"C:\\Users\\Joanna\\Desktop\\DEV\\GrowTwitter\\GrowTwitter-FrontEnd\\src\\assets\\Icons\\CommentIcon.tsx": {"path":"C:\\Users\\Joanna\\Desktop\\DEV\\GrowTwitter\\GrowTwitter-FrontEnd\\src\\assets\\Icons\\CommentIcon.tsx","statementMap":{"0":{"start":{"line":2,"column":2},"end":{"line":20,"column":null}}},"fnMap":{"0":{"name":"CommentIcon","decl":{"start":{"line":1,"column":16},"end":{"line":1,"column":30}},"loc":{"start":{"line":1,"column":30},"end":{"line":22,"column":null}},"line":1}},"branchMap":{},"s":{"0":0},"f":{"0":0},"b":{},"meta":{"lastBranch":0,"lastFunction":1,"lastStatement":1,"seen":{"f:1:16:1:30":0,"s:2:2:20:Infinity":0}}}
,"C:\\Users\\Joanna\\Desktop\\DEV\\GrowTwitter\\GrowTwitter-FrontEnd\\src\\assets\\Icons\\DotsIcon.tsx": {"path":"C:\\Users\\Joanna\\Desktop\\DEV\\GrowTwitter\\GrowTwitter-FrontEnd\\src\\assets\\Icons\\DotsIcon.tsx","statementMap":{"0":{"start":{"line":5,"column":8},"end":{"line":5,"column":null}},"1":{"start":{"line":6,"column":16},"end":{"line":6,"column":null}},"2":{"start":{"line":7,"column":20},"end":{"line":7,"column":null}},"3":{"start":{"line":9,"column":2},"end":{"line":23,"column":null}}},"fnMap":{"0":{"name":"DotsIcon","decl":{"start":{"line":4,"column":16},"end":{"line":4,"column":27}},"loc":{"start":{"line":4,"column":27},"end":{"line":25,"column":null}},"line":4}},"branchMap":{"0":{"loc":{"start":{"line":6,"column":16},"end":{"line":6,"column":null}},"type":"binary-expr","locations":[{"start":{"line":6,"column":16},"end":{"line":6,"column":39}},{"start":{"line":6,"column":39},"end":{"line":6,"column":null}}],"line":6},"1":{"loc":{"start":{"line":7,"column":20},"end":{"line":7,"column":null}},"type":"cond-expr","locations":[{"start":{"line":7,"column":39},"end":{"line":7,"column":51}},{"start":{"line":7,"column":51},"end":{"line":7,"column":null}}],"line":7}},"s":{"0":0,"1":0,"2":0,"3":0},"f":{"0":0},"b":{"0":[0,0],"1":[0,0]},"meta":{"lastBranch":2,"lastFunction":1,"lastStatement":4,"seen":{"f:4:16:4:27":0,"s:5:8:5:Infinity":0,"s:6:16:6:Infinity":1,"b:6:16:6:39:6:39:6:Infinity":0,"s:7:20:7:Infinity":2,"b:7:39:7:51:7:51:7:Infinity":1,"s:9:2:23:Infinity":3}}}
,"C:\\Users\\Joanna\\Desktop\\DEV\\GrowTwitter\\GrowTwitter-FrontEnd\\src\\assets\\Icons\\ExploreFill.tsx": {"path":"C:\\Users\\Joanna\\Desktop\\DEV\\GrowTwitter\\GrowTwitter-FrontEnd\\src\\assets\\Icons\\ExploreFill.tsx","statementMap":{"0":{"start":{"line":5,"column":8},"end":{"line":5,"column":null}},"1":{"start":{"line":6,"column":16},"end":{"line":6,"column":null}},"2":{"start":{"line":7,"column":20},"end":{"line":7,"column":null}},"3":{"start":{"line":9,"column":2},"end":{"line":40,"column":null}}},"fnMap":{"0":{"name":"ExploreFill","decl":{"start":{"line":4,"column":16},"end":{"line":4,"column":30}},"loc":{"start":{"line":4,"column":30},"end":{"line":42,"column":null}},"line":4}},"branchMap":{"0":{"loc":{"start":{"line":6,"column":16},"end":{"line":6,"column":null}},"type":"binary-expr","locations":[{"start":{"line":6,"column":16},"end":{"line":6,"column":39}},{"start":{"line":6,"column":39},"end":{"line":6,"column":null}}],"line":6},"1":{"loc":{"start":{"line":7,"column":20},"end":{"line":7,"column":null}},"type":"cond-expr","locations":[{"start":{"line":7,"column":39},"end":{"line":7,"column":51}},{"start":{"line":7,"column":51},"end":{"line":7,"column":null}}],"line":7}},"s":{"0":0,"1":0,"2":0,"3":0},"f":{"0":0},"b":{"0":[0,0],"1":[0,0]},"meta":{"lastBranch":2,"lastFunction":1,"lastStatement":4,"seen":{"f:4:16:4:30":0,"s:5:8:5:Infinity":0,"s:6:16:6:Infinity":1,"b:6:16:6:39:6:39:6:Infinity":0,"s:7:20:7:Infinity":2,"b:7:39:7:51:7:51:7:Infinity":1,"s:9:2:40:Infinity":3}}}
,"C:\\Users\\Joanna\\Desktop\\DEV\\GrowTwitter\\GrowTwitter-FrontEnd\\src\\assets\\Icons\\ExploreIcon.tsx": {"path":"C:\\Users\\Joanna\\Desktop\\DEV\\GrowTwitter\\GrowTwitter-FrontEnd\\src\\assets\\Icons\\ExploreIcon.tsx","statementMap":{"0":{"start":{"line":5,"column":8},"end":{"line":5,"column":null}},"1":{"start":{"line":6,"column":16},"end":{"line":6,"column":null}},"2":{"start":{"line":7,"column":20},"end":{"line":7,"column":null}},"3":{"start":{"line":9,"column":2},"end":{"line":27,"column":null}}},"fnMap":{"0":{"name":"ExploreIcon","decl":{"start":{"line":4,"column":16},"end":{"line":4,"column":30}},"loc":{"start":{"line":4,"column":30},"end":{"line":29,"column":null}},"line":4}},"branchMap":{"0":{"loc":{"start":{"line":6,"column":16},"end":{"line":6,"column":null}},"type":"binary-expr","locations":[{"start":{"line":6,"column":16},"end":{"line":6,"column":39}},{"start":{"line":6,"column":39},"end":{"line":6,"column":null}}],"line":6},"1":{"loc":{"start":{"line":7,"column":20},"end":{"line":7,"column":null}},"type":"cond-expr","locations":[{"start":{"line":7,"column":39},"end":{"line":7,"column":51}},{"start":{"line":7,"column":51},"end":{"line":7,"column":null}}],"line":7}},"s":{"0":0,"1":0,"2":0,"3":0},"f":{"0":0},"b":{"0":[0,0],"1":[0,0]},"meta":{"lastBranch":2,"lastFunction":1,"lastStatement":4,"seen":{"f:4:16:4:30":0,"s:5:8:5:Infinity":0,"s:6:16:6:Infinity":1,"b:6:16:6:39:6:39:6:Infinity":0,"s:7:20:7:Infinity":2,"b:7:39:7:51:7:51:7:Infinity":1,"s:9:2:27:Infinity":3}}}
,"C:\\Users\\Joanna\\Desktop\\DEV\\GrowTwitter\\GrowTwitter-FrontEnd\\src\\assets\\Icons\\HomeFill.tsx": {"path":"C:\\Users\\Joanna\\Desktop\\DEV\\GrowTwitter\\GrowTwitter-FrontEnd\\src\\assets\\Icons\\HomeFill.tsx","statementMap":{"0":{"start":{"line":5,"column":8},"end":{"line":5,"column":null}},"1":{"start":{"line":6,"column":16},"end":{"line":6,"column":null}},"2":{"start":{"line":7,"column":20},"end":{"line":7,"column":null}},"3":{"start":{"line":9,"column":2},"end":{"line":22,"column":null}}},"fnMap":{"0":{"name":"HomeFill","decl":{"start":{"line":4,"column":16},"end":{"line":4,"column":27}},"loc":{"start":{"line":4,"column":27},"end":{"line":24,"column":null}},"line":4}},"branchMap":{"0":{"loc":{"start":{"line":6,"column":16},"end":{"line":6,"column":null}},"type":"binary-expr","locations":[{"start":{"line":6,"column":16},"end":{"line":6,"column":39}},{"start":{"line":6,"column":39},"end":{"line":6,"column":null}}],"line":6},"1":{"loc":{"start":{"line":7,"column":20},"end":{"line":7,"column":null}},"type":"cond-expr","locations":[{"start":{"line":7,"column":39},"end":{"line":7,"column":51}},{"start":{"line":7,"column":51},"end":{"line":7,"column":null}}],"line":7}},"s":{"0":0,"1":0,"2":0,"3":0},"f":{"0":0},"b":{"0":[0,0],"1":[0,0]},"meta":{"lastBranch":2,"lastFunction":1,"lastStatement":4,"seen":{"f:4:16:4:27":0,"s:5:8:5:Infinity":0,"s:6:16:6:Infinity":1,"b:6:16:6:39:6:39:6:Infinity":0,"s:7:20:7:Infinity":2,"b:7:39:7:51:7:51:7:Infinity":1,"s:9:2:22:Infinity":3}}}
,"C:\\Users\\Joanna\\Desktop\\DEV\\GrowTwitter\\GrowTwitter-FrontEnd\\src\\assets\\Icons\\HomeIcon.tsx": {"path":"C:\\Users\\Joanna\\Desktop\\DEV\\GrowTwitter\\GrowTwitter-FrontEnd\\src\\assets\\Icons\\HomeIcon.tsx","statementMap":{"0":{"start":{"line":5,"column":8},"end":{"line":5,"column":null}},"1":{"start":{"line":6,"column":16},"end":{"line":6,"column":null}},"2":{"start":{"line":7,"column":20},"end":{"line":7,"column":null}},"3":{"start":{"line":9,"column":2},"end":{"line":22,"column":null}}},"fnMap":{"0":{"name":"HomeIcon","decl":{"start":{"line":4,"column":16},"end":{"line":4,"column":27}},"loc":{"start":{"line":4,"column":27},"end":{"line":24,"column":null}},"line":4}},"branchMap":{"0":{"loc":{"start":{"line":6,"column":16},"end":{"line":6,"column":null}},"type":"binary-expr","locations":[{"start":{"line":6,"column":16},"end":{"line":6,"column":39}},{"start":{"line":6,"column":39},"end":{"line":6,"column":null}}],"line":6},"1":{"loc":{"start":{"line":7,"column":20},"end":{"line":7,"column":null}},"type":"cond-expr","locations":[{"start":{"line":7,"column":39},"end":{"line":7,"column":51}},{"start":{"line":7,"column":51},"end":{"line":7,"column":null}}],"line":7}},"s":{"0":0,"1":0,"2":0,"3":0},"f":{"0":0},"b":{"0":[0,0],"1":[0,0]},"meta":{"lastBranch":2,"lastFunction":1,"lastStatement":4,"seen":{"f:4:16:4:27":0,"s:5:8:5:Infinity":0,"s:6:16:6:Infinity":1,"b:6:16:6:39:6:39:6:Infinity":0,"s:7:20:7:Infinity":2,"b:7:39:7:51:7:51:7:Infinity":1,"s:9:2:22:Infinity":3}}}
,"C:\\Users\\Joanna\\Desktop\\DEV\\GrowTwitter\\GrowTwitter-FrontEnd\\src\\assets\\Icons\\LikeIcon.tsx": {"path":"C:\\Users\\Joanna\\Desktop\\DEV\\GrowTwitter\\GrowTwitter-FrontEnd\\src\\assets\\Icons\\LikeIcon.tsx","statementMap":{"0":{"start":{"line":2,"column":2},"end":{"line":28,"column":null}}},"fnMap":{"0":{"name":"LikeIcon","decl":{"start":{"line":1,"column":16},"end":{"line":1,"column":27}},"loc":{"start":{"line":1,"column":27},"end":{"line":30,"column":null}},"line":1}},"branchMap":{},"s":{"0":0},"f":{"0":0},"b":{},"meta":{"lastBranch":0,"lastFunction":1,"lastStatement":1,"seen":{"f:1:16:1:27":0,"s:2:2:28:Infinity":0}}}
,"C:\\Users\\Joanna\\Desktop\\DEV\\GrowTwitter\\GrowTwitter-FrontEnd\\src\\assets\\Icons\\LogoIcon.tsx": {"path":"C:\\Users\\Joanna\\Desktop\\DEV\\GrowTwitter\\GrowTwitter-FrontEnd\\src\\assets\\Icons\\LogoIcon.tsx","statementMap":{"0":{"start":{"line":5,"column":8},"end":{"line":5,"column":null}},"1":{"start":{"line":6,"column":16},"end":{"line":6,"column":null}},"2":{"start":{"line":7,"column":20},"end":{"line":7,"column":null}},"3":{"start":{"line":9,"column":2},"end":{"line":492,"column":null}}},"fnMap":{"0":{"name":"LogoIcon","decl":{"start":{"line":4,"column":16},"end":{"line":4,"column":27}},"loc":{"start":{"line":4,"column":27},"end":{"line":494,"column":null}},"line":4}},"branchMap":{"0":{"loc":{"start":{"line":6,"column":16},"end":{"line":6,"column":null}},"type":"binary-expr","locations":[{"start":{"line":6,"column":16},"end":{"line":6,"column":39}},{"start":{"line":6,"column":39},"end":{"line":6,"column":null}}],"line":6},"1":{"loc":{"start":{"line":7,"column":20},"end":{"line":7,"column":null}},"type":"cond-expr","locations":[{"start":{"line":7,"column":39},"end":{"line":7,"column":51}},{"start":{"line":7,"column":51},"end":{"line":7,"column":null}}],"line":7}},"s":{"0":0,"1":0,"2":0,"3":0},"f":{"0":0},"b":{"0":[0,0],"1":[0,0]},"meta":{"lastBranch":2,"lastFunction":1,"lastStatement":4,"seen":{"f:4:16:4:27":0,"s:5:8:5:Infinity":0,"s:6:16:6:Infinity":1,"b:6:16:6:39:6:39:6:Infinity":0,"s:7:20:7:Infinity":2,"b:7:39:7:51:7:51:7:Infinity":1,"s:9:2:492:Infinity":3}}}
,"C:\\Users\\Joanna\\Desktop\\DEV\\GrowTwitter\\GrowTwitter-FrontEnd\\src\\assets\\Icons\\LogoutIcon.tsx": {"path":"C:\\Users\\Joanna\\Desktop\\DEV\\GrowTwitter\\GrowTwitter-FrontEnd\\src\\assets\\Icons\\LogoutIcon.tsx","statementMap":{"0":{"start":{"line":5,"column":8},"end":{"line":5,"column":null}},"1":{"start":{"line":6,"column":16},"end":{"line":6,"column":null}},"2":{"start":{"line":7,"column":20},"end":{"line":7,"column":null}},"3":{"start":{"line":9,"column":2},"end":{"line":39,"column":null}}},"fnMap":{"0":{"name":"LogoutIcon","decl":{"start":{"line":4,"column":16},"end":{"line":4,"column":29}},"loc":{"start":{"line":4,"column":29},"end":{"line":41,"column":null}},"line":4}},"branchMap":{"0":{"loc":{"start":{"line":6,"column":16},"end":{"line":6,"column":null}},"type":"binary-expr","locations":[{"start":{"line":6,"column":16},"end":{"line":6,"column":39}},{"start":{"line":6,"column":39},"end":{"line":6,"column":null}}],"line":6},"1":{"loc":{"start":{"line":7,"column":20},"end":{"line":7,"column":null}},"type":"cond-expr","locations":[{"start":{"line":7,"column":39},"end":{"line":7,"column":51}},{"start":{"line":7,"column":51},"end":{"line":7,"column":null}}],"line":7}},"s":{"0":0,"1":0,"2":0,"3":0},"f":{"0":0},"b":{"0":[0,0],"1":[0,0]},"meta":{"lastBranch":2,"lastFunction":1,"lastStatement":4,"seen":{"f:4:16:4:29":0,"s:5:8:5:Infinity":0,"s:6:16:6:Infinity":1,"b:6:16:6:39:6:39:6:Infinity":0,"s:7:20:7:Infinity":2,"b:7:39:7:51:7:51:7:Infinity":1,"s:9:2:39:Infinity":3}}}
,"C:\\Users\\Joanna\\Desktop\\DEV\\GrowTwitter\\GrowTwitter-FrontEnd\\src\\assets\\Icons\\MessageIcon.tsx": {"path":"C:\\Users\\Joanna\\Desktop\\DEV\\GrowTwitter\\GrowTwitter-FrontEnd\\src\\assets\\Icons\\MessageIcon.tsx","statementMap":{"0":{"start":{"line":5,"column":8},"end":{"line":5,"column":null}},"1":{"start":{"line":6,"column":16},"end":{"line":6,"column":null}},"2":{"start":{"line":7,"column":20},"end":{"line":7,"column":null}},"3":{"start":{"line":9,"column":2},"end":{"line":24,"column":null}}},"fnMap":{"0":{"name":"MessageIcon","decl":{"start":{"line":4,"column":16},"end":{"line":4,"column":30}},"loc":{"start":{"line":4,"column":30},"end":{"line":26,"column":null}},"line":4}},"branchMap":{"0":{"loc":{"start":{"line":6,"column":16},"end":{"line":6,"column":null}},"type":"binary-expr","locations":[{"start":{"line":6,"column":16},"end":{"line":6,"column":39}},{"start":{"line":6,"column":39},"end":{"line":6,"column":null}}],"line":6},"1":{"loc":{"start":{"line":7,"column":20},"end":{"line":7,"column":null}},"type":"cond-expr","locations":[{"start":{"line":7,"column":39},"end":{"line":7,"column":51}},{"start":{"line":7,"column":51},"end":{"line":7,"column":null}}],"line":7}},"s":{"0":0,"1":0,"2":0,"3":0},"f":{"0":0},"b":{"0":[0,0],"1":[0,0]},"meta":{"lastBranch":2,"lastFunction":1,"lastStatement":4,"seen":{"f:4:16:4:30":0,"s:5:8:5:Infinity":0,"s:6:16:6:Infinity":1,"b:6:16:6:39:6:39:6:Infinity":0,"s:7:20:7:Infinity":2,"b:7:39:7:51:7:51:7:Infinity":1,"s:9:2:24:Infinity":3}}}
,"C:\\Users\\Joanna\\Desktop\\DEV\\GrowTwitter\\GrowTwitter-FrontEnd\\src\\assets\\Icons\\MoreIcon.tsx": {"path":"C:\\Users\\Joanna\\Desktop\\DEV\\GrowTwitter\\GrowTwitter-FrontEnd\\src\\assets\\Icons\\MoreIcon.tsx","statementMap":{"0":{"start":{"line":5,"column":8},"end":{"line":5,"column":null}},"1":{"start":{"line":6,"column":16},"end":{"line":6,"column":null}},"2":{"start":{"line":7,"column":20},"end":{"line":7,"column":null}},"3":{"start":{"line":9,"column":2},"end":{"line":45,"column":null}}},"fnMap":{"0":{"name":"MoreIcon","decl":{"start":{"line":4,"column":16},"end":{"line":4,"column":27}},"loc":{"start":{"line":4,"column":27},"end":{"line":47,"column":null}},"line":4}},"branchMap":{"0":{"loc":{"start":{"line":6,"column":16},"end":{"line":6,"column":null}},"type":"binary-expr","locations":[{"start":{"line":6,"column":16},"end":{"line":6,"column":39}},{"start":{"line":6,"column":39},"end":{"line":6,"column":null}}],"line":6},"1":{"loc":{"start":{"line":7,"column":20},"end":{"line":7,"column":null}},"type":"cond-expr","locations":[{"start":{"line":7,"column":39},"end":{"line":7,"column":51}},{"start":{"line":7,"column":51},"end":{"line":7,"column":null}}],"line":7}},"s":{"0":0,"1":0,"2":0,"3":0},"f":{"0":0},"b":{"0":[0,0],"1":[0,0]},"meta":{"lastBranch":2,"lastFunction":1,"lastStatement":4,"seen":{"f:4:16:4:27":0,"s:5:8:5:Infinity":0,"s:6:16:6:Infinity":1,"b:6:16:6:39:6:39:6:Infinity":0,"s:7:20:7:Infinity":2,"b:7:39:7:51:7:51:7:Infinity":1,"s:9:2:45:Infinity":3}}}
,"C:\\Users\\Joanna\\Desktop\\DEV\\GrowTwitter\\GrowTwitter-FrontEnd\\src\\assets\\Icons\\NotificationFill.tsx": {"path":"C:\\Users\\Joanna\\Desktop\\DEV\\GrowTwitter\\GrowTwitter-FrontEnd\\src\\assets\\Icons\\NotificationFill.tsx","statementMap":{"0":{"start":{"line":5,"column":8},"end":{"line":5,"column":null}},"1":{"start":{"line":6,"column":16},"end":{"line":6,"column":null}},"2":{"start":{"line":7,"column":20},"end":{"line":7,"column":null}},"3":{"start":{"line":9,"column":2},"end":{"line":37,"column":null}}},"fnMap":{"0":{"name":"NotificationFill","decl":{"start":{"line":4,"column":16},"end":{"line":4,"column":35}},"loc":{"start":{"line":4,"column":35},"end":{"line":39,"column":null}},"line":4}},"branchMap":{"0":{"loc":{"start":{"line":6,"column":16},"end":{"line":6,"column":null}},"type":"binary-expr","locations":[{"start":{"line":6,"column":16},"end":{"line":6,"column":39}},{"start":{"line":6,"column":39},"end":{"line":6,"column":null}}],"line":6},"1":{"loc":{"start":{"line":7,"column":20},"end":{"line":7,"column":null}},"type":"cond-expr","locations":[{"start":{"line":7,"column":39},"end":{"line":7,"column":51}},{"start":{"line":7,"column":51},"end":{"line":7,"column":null}}],"line":7}},"s":{"0":0,"1":0,"2":0,"3":0},"f":{"0":0},"b":{"0":[0,0],"1":[0,0]},"meta":{"lastBranch":2,"lastFunction":1,"lastStatement":4,"seen":{"f:4:16:4:35":0,"s:5:8:5:Infinity":0,"s:6:16:6:Infinity":1,"b:6:16:6:39:6:39:6:Infinity":0,"s:7:20:7:Infinity":2,"b:7:39:7:51:7:51:7:Infinity":1,"s:9:2:37:Infinity":3}}}
,"C:\\Users\\Joanna\\Desktop\\DEV\\GrowTwitter\\GrowTwitter-FrontEnd\\src\\assets\\Icons\\NotificationIcon.tsx": {"path":"C:\\Users\\Joanna\\Desktop\\DEV\\GrowTwitter\\GrowTwitter-FrontEnd\\src\\assets\\Icons\\NotificationIcon.tsx","statementMap":{"0":{"start":{"line":5,"column":8},"end":{"line":5,"column":null}},"1":{"start":{"line":6,"column":16},"end":{"line":6,"column":null}},"2":{"start":{"line":7,"column":20},"end":{"line":7,"column":null}},"3":{"start":{"line":9,"column":2},"end":{"line":34,"column":null}}},"fnMap":{"0":{"name":"NotificationIcon","decl":{"start":{"line":4,"column":16},"end":{"line":4,"column":35}},"loc":{"start":{"line":4,"column":35},"end":{"line":36,"column":null}},"line":4}},"branchMap":{"0":{"loc":{"start":{"line":6,"column":16},"end":{"line":6,"column":null}},"type":"binary-expr","locations":[{"start":{"line":6,"column":16},"end":{"line":6,"column":39}},{"start":{"line":6,"column":39},"end":{"line":6,"column":null}}],"line":6},"1":{"loc":{"start":{"line":7,"column":20},"end":{"line":7,"column":null}},"type":"cond-expr","locations":[{"start":{"line":7,"column":39},"end":{"line":7,"column":51}},{"start":{"line":7,"column":51},"end":{"line":7,"column":null}}],"line":7}},"s":{"0":0,"1":0,"2":0,"3":0},"f":{"0":0},"b":{"0":[0,0],"1":[0,0]},"meta":{"lastBranch":2,"lastFunction":1,"lastStatement":4,"seen":{"f:4:16:4:35":0,"s:5:8:5:Infinity":0,"s:6:16:6:Infinity":1,"b:6:16:6:39:6:39:6:Infinity":0,"s:7:20:7:Infinity":2,"b:7:39:7:51:7:51:7:Infinity":1,"s:9:2:34:Infinity":3}}}
,"C:\\Users\\Joanna\\Desktop\\DEV\\GrowTwitter\\GrowTwitter-FrontEnd\\src\\assets\\Icons\\ProfileFill.tsx": {"path":"C:\\Users\\Joanna\\Desktop\\DEV\\GrowTwitter\\GrowTwitter-FrontEnd\\src\\assets\\Icons\\ProfileFill.tsx","statementMap":{"0":{"start":{"line":5,"column":8},"end":{"line":5,"column":null}},"1":{"start":{"line":6,"column":16},"end":{"line":6,"column":null}},"2":{"start":{"line":7,"column":20},"end":{"line":7,"column":null}},"3":{"start":{"line":9,"column":2},"end":{"line":36,"column":null}}},"fnMap":{"0":{"name":"ProfileFill","decl":{"start":{"line":4,"column":16},"end":{"line":4,"column":30}},"loc":{"start":{"line":4,"column":30},"end":{"line":38,"column":null}},"line":4}},"branchMap":{"0":{"loc":{"start":{"line":6,"column":16},"end":{"line":6,"column":null}},"type":"binary-expr","locations":[{"start":{"line":6,"column":16},"end":{"line":6,"column":39}},{"start":{"line":6,"column":39},"end":{"line":6,"column":null}}],"line":6},"1":{"loc":{"start":{"line":7,"column":20},"end":{"line":7,"column":null}},"type":"cond-expr","locations":[{"start":{"line":7,"column":39},"end":{"line":7,"column":51}},{"start":{"line":7,"column":51},"end":{"line":7,"column":null}}],"line":7}},"s":{"0":0,"1":0,"2":0,"3":0},"f":{"0":0},"b":{"0":[0,0],"1":[0,0]},"meta":{"lastBranch":2,"lastFunction":1,"lastStatement":4,"seen":{"f:4:16:4:30":0,"s:5:8:5:Infinity":0,"s:6:16:6:Infinity":1,"b:6:16:6:39:6:39:6:Infinity":0,"s:7:20:7:Infinity":2,"b:7:39:7:51:7:51:7:Infinity":1,"s:9:2:36:Infinity":3}}}
,"C:\\Users\\Joanna\\Desktop\\DEV\\GrowTwitter\\GrowTwitter-FrontEnd\\src\\assets\\Icons\\ProfileIcon.tsx": {"path":"C:\\Users\\Joanna\\Desktop\\DEV\\GrowTwitter\\GrowTwitter-FrontEnd\\src\\assets\\Icons\\ProfileIcon.tsx","statementMap":{"0":{"start":{"line":5,"column":8},"end":{"line":5,"column":null}},"1":{"start":{"line":6,"column":16},"end":{"line":6,"column":null}},"2":{"start":{"line":7,"column":20},"end":{"line":7,"column":null}},"3":{"start":{"line":9,"column":2},"end":{"line":36,"column":null}}},"fnMap":{"0":{"name":"ProfileIcon","decl":{"start":{"line":4,"column":16},"end":{"line":4,"column":30}},"loc":{"start":{"line":4,"column":30},"end":{"line":38,"column":null}},"line":4}},"branchMap":{"0":{"loc":{"start":{"line":6,"column":16},"end":{"line":6,"column":null}},"type":"binary-expr","locations":[{"start":{"line":6,"column":16},"end":{"line":6,"column":39}},{"start":{"line":6,"column":39},"end":{"line":6,"column":null}}],"line":6},"1":{"loc":{"start":{"line":7,"column":20},"end":{"line":7,"column":null}},"type":"cond-expr","locations":[{"start":{"line":7,"column":39},"end":{"line":7,"column":51}},{"start":{"line":7,"column":51},"end":{"line":7,"column":null}}],"line":7}},"s":{"0":0,"1":0,"2":0,"3":0},"f":{"0":0},"b":{"0":[0,0],"1":[0,0]},"meta":{"lastBranch":2,"lastFunction":1,"lastStatement":4,"seen":{"f:4:16:4:30":0,"s:5:8:5:Infinity":0,"s:6:16:6:Infinity":1,"b:6:16:6:39:6:39:6:Infinity":0,"s:7:20:7:Infinity":2,"b:7:39:7:51:7:51:7:Infinity":1,"s:9:2:36:Infinity":3}}}
,"C:\\Users\\Joanna\\Desktop\\DEV\\GrowTwitter\\GrowTwitter-FrontEnd\\src\\assets\\Icons\\RetweetIcon.tsx": {"path":"C:\\Users\\Joanna\\Desktop\\DEV\\GrowTwitter\\GrowTwitter-FrontEnd\\src\\assets\\Icons\\RetweetIcon.tsx","statementMap":{"0":{"start":{"line":2,"column":2},"end":{"line":24,"column":null}}},"fnMap":{"0":{"name":"RetweetIcon","decl":{"start":{"line":1,"column":16},"end":{"line":1,"column":30}},"loc":{"start":{"line":1,"column":30},"end":{"line":26,"column":null}},"line":1}},"branchMap":{},"s":{"0":0},"f":{"0":0},"b":{},"meta":{"lastBranch":0,"lastFunction":1,"lastStatement":1,"seen":{"f:1:16:1:30":0,"s:2:2:24:Infinity":0}}}
,"C:\\Users\\Joanna\\Desktop\\DEV\\GrowTwitter\\GrowTwitter-FrontEnd\\src\\assets\\Icons\\SaveIcon.tsx": {"path":"C:\\Users\\Joanna\\Desktop\\DEV\\GrowTwitter\\GrowTwitter-FrontEnd\\src\\assets\\Icons\\SaveIcon.tsx","statementMap":{"0":{"start":{"line":2,"column":2},"end":{"line":25,"column":null}}},"fnMap":{"0":{"name":"SaveIcon","decl":{"start":{"line":1,"column":16},"end":{"line":1,"column":27}},"loc":{"start":{"line":1,"column":27},"end":{"line":27,"column":null}},"line":1}},"branchMap":{},"s":{"0":0},"f":{"0":0},"b":{},"meta":{"lastBranch":0,"lastFunction":1,"lastStatement":1,"seen":{"f:1:16:1:27":0,"s:2:2:25:Infinity":0}}}
,"C:\\Users\\Joanna\\Desktop\\DEV\\GrowTwitter\\GrowTwitter-FrontEnd\\src\\assets\\Icons\\ShareIcon.tsx": {"path":"C:\\Users\\Joanna\\Desktop\\DEV\\GrowTwitter\\GrowTwitter-FrontEnd\\src\\assets\\Icons\\ShareIcon.tsx","statementMap":{"0":{"start":{"line":2,"column":2},"end":{"line":28,"column":null}}},"fnMap":{"0":{"name":"ShareIcon","decl":{"start":{"line":1,"column":16},"end":{"line":1,"column":28}},"loc":{"start":{"line":1,"column":28},"end":{"line":30,"column":null}},"line":1}},"branchMap":{},"s":{"0":0},"f":{"0":0},"b":{},"meta":{"lastBranch":0,"lastFunction":1,"lastStatement":1,"seen":{"f:1:16:1:28":0,"s:2:2:28:Infinity":0}}}
,"C:\\Users\\Joanna\\Desktop\\DEV\\GrowTwitter\\GrowTwitter-FrontEnd\\src\\assets\\Icons\\StatisticIcon.tsx": {"path":"C:\\Users\\Joanna\\Desktop\\DEV\\GrowTwitter\\GrowTwitter-FrontEnd\\src\\assets\\Icons\\StatisticIcon.tsx","statementMap":{"0":{"start":{"line":2,"column":2},"end":{"line":27,"column":null}}},"fnMap":{"0":{"name":"StatisticIcon","decl":{"start":{"line":1,"column":16},"end":{"line":1,"column":32}},"loc":{"start":{"line":1,"column":32},"end":{"line":29,"column":null}},"line":1}},"branchMap":{},"s":{"0":0},"f":{"0":0},"b":{},"meta":{"lastBranch":0,"lastFunction":1,"lastStatement":1,"seen":{"f:1:16:1:32":0,"s:2:2:27:Infinity":0}}}
,"C:\\Users\\Joanna\\Desktop\\DEV\\GrowTwitter\\GrowTwitter-FrontEnd\\src\\assets\\Icons\\index.ts": {"path":"C:\\Users\\Joanna\\Desktop\\DEV\\GrowTwitter\\GrowTwitter-FrontEnd\\src\\assets\\Icons\\index.ts","statementMap":{},"fnMap":{},"branchMap":{},"s":{},"f":{},"b":{},"meta":{"lastBranch":0,"lastFunction":0,"lastStatement":0,"seen":{}}}
,"C:\\Users\\Joanna\\Desktop\\DEV\\GrowTwitter\\GrowTwitter-FrontEnd\\src\\components\\Avatar\\AvatarStyle.ts": {"path":"C:\\Users\\Joanna\\Desktop\\DEV\\GrowTwitter\\GrowTwitter-FrontEnd\\src\\components\\Avatar\\AvatarStyle.ts","statementMap":{"0":{"start":{"line":3,"column":27},"end":{"line":8,"column":null}},"1":{"start":{"line":8,"column":37},"end":{"line":8,"column":58}}},"fnMap":{"0":{"name":"(anonymous_0)","decl":{"start":{"line":8,"column":22},"end":{"line":8,"column":23}},"loc":{"start":{"line":8,"column":37},"end":{"line":8,"column":58}},"line":8}},"branchMap":{},"s":{"0":2,"1":25},"f":{"0":25},"b":{},"meta":{"lastBranch":0,"lastFunction":1,"lastStatement":2,"seen":{"s:3:27:8:Infinity":0,"f:8:22:8:23":0,"s:8:37:8:58":1}}}
,"C:\\Users\\Joanna\\Desktop\\DEV\\GrowTwitter\\GrowTwitter-FrontEnd\\src\\components\\Avatar\\index.tsx": {"path":"C:\\Users\\Joanna\\Desktop\\DEV\\GrowTwitter\\GrowTwitter-FrontEnd\\src\\components\\Avatar\\index.tsx","statementMap":{"0":{"start":{"line":9,"column":29},"end":{"line":9,"column":null}},"1":{"start":{"line":11,"column":2},"end":{"line":18,"column":null}},"2":{"start":{"line":16,"column":23},"end":{"line":16,"column":null}}},"fnMap":{"0":{"name":"Avatar","decl":{"start":{"line":8,"column":16},"end":{"line":8,"column":23}},"loc":{"start":{"line":8,"column":46},"end":{"line":20,"column":null}},"line":8},"1":{"name":"(anonymous_1)","decl":{"start":{"line":16,"column":17},"end":{"line":16,"column":23}},"loc":{"start":{"line":16,"column":23},"end":{"line":16,"column":null}},"line":16}},"branchMap":{},"s":{"0":28,"1":28,"2":1},"f":{"0":28,"1":1},"b":{},"meta":{"lastBranch":0,"lastFunction":2,"lastStatement":3,"seen":{"f:8:16:8:23":0,"s:9:29:9:Infinity":0,"s:11:2:18:Infinity":1,"f:16:17:16:23":1,"s:16:23:16:Infinity":2}}}
,"C:\\Users\\Joanna\\Desktop\\DEV\\GrowTwitter\\GrowTwitter-FrontEnd\\src\\components\\Button\\index.ts": {"path":"C:\\Users\\Joanna\\Desktop\\DEV\\GrowTwitter\\GrowTwitter-FrontEnd\\src\\components\\Button\\index.ts","statementMap":{"0":{"start":{"line":12,"column":22},"end":{"line":28,"column":null}},"1":{"start":{"line":16,"column":32},"end":{"line":16,"column":55}},"2":{"start":{"line":19,"column":4},"end":{"line":19,"column":40}},"3":{"start":{"line":21,"column":4},"end":{"line":21,"column":48}},"4":{"start":{"line":23,"column":4},"end":{"line":23,"column":55}},"5":{"start":{"line":24,"column":31},"end":{"line":24,"column":59}},"6":{"start":{"line":26,"column":27},"end":{"line":26,"column":62}},"7":{"start":{"line":28,"column":4},"end":{"line":28,"column":66}},"8":{"start":{"line":54,"column":0},"end":{"line":58,"column":null}},"9":{"start":{"line":55,"column":2},"end":{"line":58,"column":null}}},"fnMap":{"0":{"name":"(anonymous_0)","decl":{"start":{"line":16,"column":11},"end":{"line":16,"column":12}},"loc":{"start":{"line":16,"column":32},"end":{"line":16,"column":55}},"line":16},"1":{"name":"(anonymous_1)","decl":{"start":{"line":18,"column":22},"end":{"line":18,"column":23}},"loc":{"start":{"line":19,"column":4},"end":{"line":19,"column":40}},"line":19},"2":{"name":"(anonymous_2)","decl":{"start":{"line":20,"column":18},"end":{"line":20,"column":19}},"loc":{"start":{"line":21,"column":4},"end":{"line":21,"column":48}},"line":21},"3":{"name":"(anonymous_3)","decl":{"start":{"line":22,"column":16},"end":{"line":22,"column":17}},"loc":{"start":{"line":23,"column":4},"end":{"line":23,"column":55}},"line":23},"4":{"name":"(anonymous_4)","decl":{"start":{"line":24,"column":11},"end":{"line":24,"column":12}},"loc":{"start":{"line":24,"column":31},"end":{"line":24,"column":59}},"line":24},"5":{"name":"(anonymous_5)","decl":{"start":{"line":26,"column":12},"end":{"line":26,"column":13}},"loc":{"start":{"line":26,"column":27},"end":{"line":26,"column":62}},"line":26},"6":{"name":"(anonymous_6)","decl":{"start":{"line":27,"column":15},"end":{"line":27,"column":16}},"loc":{"start":{"line":28,"column":4},"end":{"line":28,"column":66}},"line":28},"7":{"name":"(anonymous_7)","decl":{"start":{"line":54,"column":27},"end":{"line":54,"column":28}},"loc":{"start":{"line":55,"column":2},"end":{"line":58,"column":null}},"line":55}},"branchMap":{"0":{"loc":{"start":{"line":16,"column":32},"end":{"line":16,"column":55}},"type":"binary-expr","locations":[{"start":{"line":16,"column":32},"end":{"line":16,"column":40}},{"start":{"line":16,"column":40},"end":{"line":16,"column":55}}],"line":16},"1":{"loc":{"start":{"line":19,"column":4},"end":{"line":19,"column":40}},"type":"cond-expr","locations":[{"start":{"line":19,"column":12},"end":{"line":19,"column":28}},{"start":{"line":19,"column":28},"end":{"line":19,"column":40}}],"line":19},"2":{"loc":{"start":{"line":21,"column":4},"end":{"line":21,"column":48}},"type":"cond-expr","locations":[{"start":{"line":21,"column":12},"end":{"line":21,"column":36}},{"start":{"line":21,"column":36},"end":{"line":21,"column":48}}],"line":21},"3":{"loc":{"start":{"line":23,"column":4},"end":{"line":23,"column":55}},"type":"cond-expr","locations":[{"start":{"line":23,"column":13},"end":{"line":23,"column":49}},{"start":{"line":23,"column":49},"end":{"line":23,"column":55}}],"line":23},"4":{"loc":{"start":{"line":24,"column":31},"end":{"line":24,"column":59}},"type":"cond-expr","locations":[{"start":{"line":24,"column":43},"end":{"line":24,"column":52}},{"start":{"line":24,"column":52},"end":{"line":24,"column":59}}],"line":24},"5":{"loc":{"start":{"line":26,"column":27},"end":{"line":26,"column":62}},"type":"cond-expr","locations":[{"start":{"line":26,"column":46},"end":{"line":26,"column":55}},{"start":{"line":26,"column":55},"end":{"line":26,"column":62}}],"line":26},"6":{"loc":{"start":{"line":28,"column":4},"end":{"line":28,"column":66}},"type":"cond-expr","locations":[{"start":{"line":28,"column":23},"end":{"line":28,"column":32}},{"start":{"line":28,"column":32},"end":{"line":28,"column":66}}],"line":28},"7":{"loc":{"start":{"line":28,"column":32},"end":{"line":28,"column":66}},"type":"cond-expr","locations":[{"start":{"line":28,"column":51},"end":{"line":28,"column":60}},{"start":{"line":28,"column":60},"end":{"line":28,"column":66}}],"line":28},"8":{"loc":{"start":{"line":55,"column":2},"end":{"line":58,"column":null}},"type":"binary-expr","locations":[{"start":{"line":55,"column":2},"end":{"line":55,"column":null}},{"start":{"line":56,"column":2},"end":{"line":56,"column":null}},{"start":{"line":57,"column":2},"end":{"line":57,"column":null}},{"start":{"line":58,"column":2},"end":{"line":58,"column":null}}],"line":55}},"s":{"0":3,"1":28,"2":28,"3":28,"4":28,"5":28,"6":28,"7":28,"8":3,"9":97},"f":{"0":28,"1":28,"2":28,"3":28,"4":28,"5":28,"6":28,"7":97},"b":{"0":[28,28],"1":[1,27],"2":[1,27],"3":[1,27],"4":[1,27],"5":[1,27],"6":[22,6],"7":[1,5],"8":[97,97,96,95]},"meta":{"lastBranch":9,"lastFunction":8,"lastStatement":10,"seen":{"s:12:22:28:Infinity":0,"f:16:11:16:12":0,"s:16:32:16:55":1,"b:16:32:16:40:16:40:16:55":0,"f:18:22:18:23":1,"s:19:4:19:40":2,"b:19:12:19:28:19:28:19:40":1,"f:20:18:20:19":2,"s:21:4:21:48":3,"b:21:12:21:36:21:36:21:48":2,"f:22:16:22:17":3,"s:23:4:23:55":4,"b:23:13:23:49:23:49:23:55":3,"f:24:11:24:12":4,"s:24:31:24:59":5,"b:24:43:24:52:24:52:24:59":4,"f:26:12:26:13":5,"s:26:27:26:62":6,"b:26:46:26:55:26:55:26:62":5,"f:27:15:27:16":6,"s:28:4:28:66":7,"b:28:23:28:32:28:32:28:66":6,"b:28:51:28:60:28:60:28:66":7,"s:54:0:58:Infinity":8,"f:54:27:54:28":7,"s:55:2:58:Infinity":9,"b:55:2:55:Infinity:56:2:56:Infinity:57:2:57:Infinity:58:2:58:Infinity":8}}}
,"C:\\Users\\Joanna\\Desktop\\DEV\\GrowTwitter\\GrowTwitter-FrontEnd\\src\\components\\TweetBox\\TweetBoxStyle.ts": {"path":"C:\\Users\\Joanna\\Desktop\\DEV\\GrowTwitter\\GrowTwitter-FrontEnd\\src\\components\\TweetBox\\TweetBoxStyle.ts","statementMap":{"0":{"start":{"line":3,"column":29},"end":{"line":251,"column":null}},"1":{"start":{"line":5,"column":37},"end":{"line":5,"column":58}},"2":{"start":{"line":26,"column":46},"end":{"line":26,"column":61}},"3":{"start":{"line":31,"column":32},"end":{"line":31,"column":51}},"4":{"start":{"line":34,"column":32},"end":{"line":34,"column":44}},"5":{"start":{"line":44,"column":39},"end":{"line":44,"column":60}},"6":{"start":{"line":58,"column":43},"end":{"line":58,"column":55}},"7":{"start":{"line":62,"column":43},"end":{"line":62,"column":64}},"8":{"start":{"line":110,"column":43},"end":{"line":110,"column":58}},"9":{"start":{"line":111,"column":44},"end":{"line":111,"column":59}},"10":{"start":{"line":112,"column":45},"end":{"line":112,"column":60}},"11":{"start":{"line":130,"column":46},"end":{"line":130,"column":61}},"12":{"start":{"line":131,"column":44},"end":{"line":131,"column":59}},"13":{"start":{"line":132,"column":45},"end":{"line":132,"column":60}},"14":{"start":{"line":174,"column":41},"end":{"line":174,"column":62}},"15":{"start":{"line":176,"column":43},"end":{"line":176,"column":55}},"16":{"start":{"line":234,"column":39},"end":{"line":234,"column":51}},"17":{"start":{"line":251,"column":41},"end":{"line":251,"column":53}}},"fnMap":{"0":{"name":"(anonymous_0)","decl":{"start":{"line":5,"column":22},"end":{"line":5,"column":23}},"loc":{"start":{"line":5,"column":37},"end":{"line":5,"column":58}},"line":5},"1":{"name":"(anonymous_1)","decl":{"start":{"line":26,"column":31},"end":{"line":26,"column":32}},"loc":{"start":{"line":26,"column":46},"end":{"line":26,"column":61}},"line":26},"2":{"name":"(anonymous_2)","decl":{"start":{"line":31,"column":17},"end":{"line":31,"column":18}},"loc":{"start":{"line":31,"column":32},"end":{"line":31,"column":51}},"line":31},"3":{"name":"(anonymous_3)","decl":{"start":{"line":34,"column":17},"end":{"line":34,"column":18}},"loc":{"start":{"line":34,"column":32},"end":{"line":34,"column":44}},"line":34},"4":{"name":"(anonymous_4)","decl":{"start":{"line":44,"column":24},"end":{"line":44,"column":25}},"loc":{"start":{"line":44,"column":39},"end":{"line":44,"column":60}},"line":44},"5":{"name":"(anonymous_5)","decl":{"start":{"line":58,"column":28},"end":{"line":58,"column":29}},"loc":{"start":{"line":58,"column":43},"end":{"line":58,"column":55}},"line":58},"6":{"name":"(anonymous_6)","decl":{"start":{"line":62,"column":28},"end":{"line":62,"column":29}},"loc":{"start":{"line":62,"column":43},"end":{"line":62,"column":64}},"line":62},"7":{"name":"(anonymous_7)","decl":{"start":{"line":110,"column":28},"end":{"line":110,"column":29}},"loc":{"start":{"line":110,"column":43},"end":{"line":110,"column":58}},"line":110},"8":{"name":"(anonymous_8)","decl":{"start":{"line":111,"column":29},"end":{"line":111,"column":30}},"loc":{"start":{"line":111,"column":44},"end":{"line":111,"column":59}},"line":111},"9":{"name":"(anonymous_9)","decl":{"start":{"line":112,"column":30},"end":{"line":112,"column":31}},"loc":{"start":{"line":112,"column":45},"end":{"line":112,"column":60}},"line":112},"10":{"name":"(anonymous_10)","decl":{"start":{"line":130,"column":31},"end":{"line":130,"column":32}},"loc":{"start":{"line":130,"column":46},"end":{"line":130,"column":61}},"line":130},"11":{"name":"(anonymous_11)","decl":{"start":{"line":131,"column":29},"end":{"line":131,"column":30}},"loc":{"start":{"line":131,"column":44},"end":{"line":131,"column":59}},"line":131},"12":{"name":"(anonymous_12)","decl":{"start":{"line":132,"column":30},"end":{"line":132,"column":31}},"loc":{"start":{"line":132,"column":45},"end":{"line":132,"column":60}},"line":132},"13":{"name":"(anonymous_13)","decl":{"start":{"line":174,"column":26},"end":{"line":174,"column":27}},"loc":{"start":{"line":174,"column":41},"end":{"line":174,"column":62}},"line":174},"14":{"name":"(anonymous_14)","decl":{"start":{"line":176,"column":28},"end":{"line":176,"column":29}},"loc":{"start":{"line":176,"column":43},"end":{"line":176,"column":55}},"line":176},"15":{"name":"(anonymous_15)","decl":{"start":{"line":234,"column":24},"end":{"line":234,"column":25}},"loc":{"start":{"line":234,"column":39},"end":{"line":234,"column":51}},"line":234},"16":{"name":"(anonymous_16)","decl":{"start":{"line":251,"column":26},"end":{"line":251,"column":27}},"loc":{"start":{"line":251,"column":41},"end":{"line":251,"column":53}},"line":251}},"branchMap":{},"s":{"0":2,"1":21,"2":21,"3":21,"4":21,"5":21,"6":21,"7":21,"8":21,"9":21,"10":21,"11":21,"12":21,"13":21,"14":21,"15":21,"16":21,"17":21},"f":{"0":21,"1":21,"2":21,"3":21,"4":21,"5":21,"6":21,"7":21,"8":21,"9":21,"10":21,"11":21,"12":21,"13":21,"14":21,"15":21,"16":21},"b":{},"meta":{"lastBranch":0,"lastFunction":17,"lastStatement":18,"seen":{"s:3:29:251:Infinity":0,"f:5:22:5:23":0,"s:5:37:5:58":1,"f:26:31:26:32":1,"s:26:46:26:61":2,"f:31:17:31:18":2,"s:31:32:31:51":3,"f:34:17:34:18":3,"s:34:32:34:44":4,"f:44:24:44:25":4,"s:44:39:44:60":5,"f:58:28:58:29":5,"s:58:43:58:55":6,"f:62:28:62:29":6,"s:62:43:62:64":7,"f:110:28:110:29":7,"s:110:43:110:58":8,"f:111:29:111:30":8,"s:111:44:111:59":9,"f:112:30:112:31":9,"s:112:45:112:60":10,"f:130:31:130:32":10,"s:130:46:130:61":11,"f:131:29:131:30":11,"s:131:44:131:59":12,"f:132:30:132:31":12,"s:132:45:132:60":13,"f:174:26:174:27":13,"s:174:41:174:62":14,"f:176:28:176:29":14,"s:176:43:176:55":15,"f:234:24:234:25":15,"s:234:39:234:51":16,"f:251:26:251:27":16,"s:251:41:251:53":17}}}
,"C:\\Users\\Joanna\\Desktop\\DEV\\GrowTwitter\\GrowTwitter-FrontEnd\\src\\components\\TweetBox\\index.tsx": {"path":"C:\\Users\\Joanna\\Desktop\\DEV\\GrowTwitter\\GrowTwitter-FrontEnd\\src\\components\\TweetBox\\index.tsx","statementMap":{"0":{"start":{"line":35,"column":28},"end":{"line":35,"column":null}},"1":{"start":{"line":36,"column":30},"end":{"line":36,"column":null}},"2":{"start":{"line":37,"column":28},"end":{"line":37,"column":null}},"3":{"start":{"line":38,"column":40},"end":{"line":38,"column":null}},"4":{"start":{"line":39,"column":15},"end":{"line":39,"column":null}},"5":{"start":{"line":39,"column":45},"end":{"line":39,"column":61}},"6":{"start":{"line":40,"column":29},"end":{"line":40,"column":null}},"7":{"start":{"line":41,"column":8},"end":{"line":41,"column":null}},"8":{"start":{"line":43,"column":2},"end":{"line":52,"column":null}},"9":{"start":{"line":44,"column":4},"end":{"line":47,"column":null}},"10":{"start":{"line":45,"column":6},"end":{"line":45,"column":null}},"11":{"start":{"line":46,"column":6},"end":{"line":46,"column":null}},"12":{"start":{"line":48,"column":4},"end":{"line":51,"column":null}},"13":{"start":{"line":49,"column":6},"end":{"line":49,"column":null}},"14":{"start":{"line":50,"column":6},"end":{"line":50,"column":null}},"15":{"start":{"line":54,"column":25},"end":{"line":56,"column":null}},"16":{"start":{"line":55,"column":4},"end":{"line":55,"column":null}},"17":{"start":{"line":58,"column":26},"end":{"line":60,"column":null}},"18":{"start":{"line":59,"column":4},"end":{"line":59,"column":null}},"19":{"start":{"line":62,"column":22},"end":{"line":71,"column":null}},"20":{"start":{"line":66,"column":4},"end":{"line":70,"column":null}},"21":{"start":{"line":67,"column":23},"end":{"line":67,"column":null}},"22":{"start":{"line":68,"column":6},"end":{"line":68,"column":null}},"23":{"start":{"line":69,"column":6},"end":{"line":69,"column":null}},"24":{"start":{"line":73,"column":23},"end":{"line":79,"column":null}},"25":{"start":{"line":74,"column":4},"end":{"line":74,"column":null}},"26":{"start":{"line":75,"column":4},"end":{"line":75,"column":null}},"27":{"start":{"line":76,"column":4},"end":{"line":76,"column":null}},"28":{"start":{"line":77,"column":4},"end":{"line":77,"column":null}},"29":{"start":{"line":78,"column":4},"end":{"line":78,"column":null}},"30":{"start":{"line":81,"column":28},"end":{"line":83,"column":null}},"31":{"start":{"line":82,"column":4},"end":{"line":82,"column":null}},"32":{"start":{"line":85,"column":2},"end":{"line":202,"column":null}},"33":{"start":{"line":95,"column":43},"end":{"line":95,"column":77}},"34":{"start":{"line":116,"column":31},"end":{"line":116,"column":null}},"35":{"start":{"line":117,"column":30},"end":{"line":117,"column":null}},"36":{"start":{"line":148,"column":33},"end":{"line":148,"column":null}},"37":{"start":{"line":149,"column":32},"end":{"line":149,"column":null}},"38":{"start":{"line":164,"column":33},"end":{"line":164,"column":null}},"39":{"start":{"line":181,"column":33},"end":{"line":181,"column":null}}},"fnMap":{"0":{"name":"TweetBox","decl":{"start":{"line":27,"column":16},"end":{"line":27,"column":25}},"loc":{"start":{"line":34,"column":18},"end":{"line":204,"column":null}},"line":34},"1":{"name":"(anonymous_1)","decl":{"start":{"line":39,"column":34},"end":{"line":39,"column":35}},"loc":{"start":{"line":39,"column":45},"end":{"line":39,"column":61}},"line":39},"2":{"name":"(anonymous_2)","decl":{"start":{"line":43,"column":12},"end":{"line":43,"column":18}},"loc":{"start":{"line":43,"column":18},"end":{"line":52,"column":5}},"line":43},"3":{"name":"(anonymous_3)","decl":{"start":{"line":54,"column":25},"end":{"line":54,"column":26}},"loc":{"start":{"line":54,"column":47},"end":{"line":56,"column":null}},"line":54},"4":{"name":"(anonymous_4)","decl":{"start":{"line":58,"column":26},"end":{"line":58,"column":32}},"loc":{"start":{"line":58,"column":32},"end":{"line":60,"column":null}},"line":58},"5":{"name":"(anonymous_5)","decl":{"start":{"line":62,"column":22},"end":{"line":62,"column":null}},"loc":{"start":{"line":65,"column":7},"end":{"line":71,"column":null}},"line":65},"6":{"name":"(anonymous_6)","decl":{"start":{"line":73,"column":23},"end":{"line":73,"column":24}},"loc":{"start":{"line":73,"column":51},"end":{"line":79,"column":null}},"line":73},"7":{"name":"(anonymous_7)","decl":{"start":{"line":81,"column":28},"end":{"line":81,"column":34}},"loc":{"start":{"line":81,"column":34},"end":{"line":83,"column":null}},"line":81},"8":{"name":"(anonymous_8)","decl":{"start":{"line":95,"column":37},"end":{"line":95,"column":43}},"loc":{"start":{"line":95,"column":43},"end":{"line":95,"column":77}},"line":95},"9":{"name":"(anonymous_9)","decl":{"start":{"line":116,"column":24},"end":{"line":116,"column":25}},"loc":{"start":{"line":116,"column":31},"end":{"line":116,"column":null}},"line":116},"10":{"name":"(anonymous_10)","decl":{"start":{"line":117,"column":23},"end":{"line":117,"column":24}},"loc":{"start":{"line":117,"column":30},"end":{"line":117,"column":null}},"line":117},"11":{"name":"(anonymous_11)","decl":{"start":{"line":148,"column":26},"end":{"line":148,"column":27}},"loc":{"start":{"line":148,"column":33},"end":{"line":148,"column":null}},"line":148},"12":{"name":"(anonymous_12)","decl":{"start":{"line":149,"column":25},"end":{"line":149,"column":26}},"loc":{"start":{"line":149,"column":32},"end":{"line":149,"column":null}},"line":149},"13":{"name":"(anonymous_13)","decl":{"start":{"line":164,"column":27},"end":{"line":164,"column":33}},"loc":{"start":{"line":164,"column":33},"end":{"line":164,"column":null}},"line":164},"14":{"name":"(anonymous_14)","decl":{"start":{"line":181,"column":26},"end":{"line":181,"column":27}},"loc":{"start":{"line":181,"column":33},"end":{"line":181,"column":null}},"line":181}},"branchMap":{"0":{"loc":{"start":{"line":32,"column":2},"end":{"line":32,"column":null}},"type":"default-arg","locations":[{"start":{"line":32,"column":19},"end":{"line":32,"column":null}}],"line":32},"1":{"loc":{"start":{"line":33,"column":2},"end":{"line":33,"column":null}},"type":"default-arg","locations":[{"start":{"line":33,"column":20},"end":{"line":33,"column":null}}],"line":33},"2":{"loc":{"start":{"line":44,"column":4},"end":{"line":47,"column":null}},"type":"if","locations":[{"start":{"line":44,"column":4},"end":{"line":47,"column":null}},{"start":{},"end":{}}],"line":44},"3":{"loc":{"start":{"line":45,"column":17},"end":{"line":45,"column":36}},"type":"binary-expr","locations":[{"start":{"line":45,"column":17},"end":{"line":45,"column":34}},{"start":{"line":45,"column":34},"end":{"line":45,"column":36}}],"line":45},"4":{"loc":{"start":{"line":46,"column":18},"end":{"line":46,"column":38}},"type":"binary-expr","locations":[{"start":{"line":46,"column":18},"end":{"line":46,"column":36}},{"start":{"line":46,"column":36},"end":{"line":46,"column":38}}],"line":46},"5":{"loc":{"start":{"line":48,"column":4},"end":{"line":51,"column":null}},"type":"if","locations":[{"start":{"line":48,"column":4},"end":{"line":51,"column":null}},{"start":{},"end":{}}],"line":48},"6":{"loc":{"start":{"line":48,"column":8},"end":{"line":48,"column":50}},"type":"binary-expr","locations":[{"start":{"line":48,"column":8},"end":{"line":48,"column":31}},{"start":{"line":48,"column":31},"end":{"line":48,"column":50}}],"line":48},"7":{"loc":{"start":{"line":66,"column":4},"end":{"line":70,"column":null}},"type":"if","locations":[{"start":{"line":66,"column":4},"end":{"line":70,"column":null}},{"start":{},"end":{}}],"line":66},"8":{"loc":{"start":{"line":88,"column":9},"end":{"line":100,"column":null}},"type":"binary-expr","locations":[{"start":{"line":88,"column":9},"end":{"line":88,"column":null}},{"start":{"line":89,"column":10},"end":{"line":100,"column":null}}],"line":88},"9":{"loc":{"start":{"line":103,"column":9},"end":{"line":120,"column":null}},"type":"binary-expr","locations":[{"start":{"line":103,"column":9},"end":{"line":103,"column":null}},{"start":{"line":104,"column":10},"end":{"line":120,"column":null}}],"line":103},"10":{"loc":{"start":{"line":109,"column":16},"end":{"line":113,"column":null}},"type":"cond-expr","locations":[{"start":{"line":110,"column":20},"end":{"line":110,"column":null}},{"start":{"line":111,"column":20},"end":{"line":113,"column":null}}],"line":109},"11":{"loc":{"start":{"line":111,"column":20},"end":{"line":113,"column":null}},"type":"cond-expr","locations":[{"start":{"line":112,"column":20},"end":{"line":112,"column":null}},{"start":{"line":113,"column":20},"end":{"line":113,"column":null}}],"line":111},"12":{"loc":{"start":{"line":118,"column":25},"end":{"line":118,"column":null}},"type":"cond-expr","locations":[{"start":{"line":118,"column":45},"end":{"line":118,"column":64}},{"start":{"line":118,"column":64},"end":{"line":118,"column":null}}],"line":118},"13":{"loc":{"start":{"line":123,"column":9},"end":{"line":138,"column":null}},"type":"binary-expr","locations":[{"start":{"line":123,"column":9},"end":{"line":123,"column":null}},{"start":{"line":124,"column":10},"end":{"line":138,"column":null}}],"line":123},"14":{"loc":{"start":{"line":126,"column":13},"end":{"line":136,"column":null}},"type":"binary-expr","locations":[{"start":{"line":126,"column":13},"end":{"line":126,"column":null}},{"start":{"line":127,"column":14},"end":{"line":136,"column":null}}],"line":126},"15":{"loc":{"start":{"line":141,"column":9},"end":{"line":170,"column":null}},"type":"binary-expr","locations":[{"start":{"line":141,"column":9},"end":{"line":141,"column":null}},{"start":{"line":142,"column":10},"end":{"line":170,"column":null}}],"line":141},"16":{"loc":{"start":{"line":160,"column":15},"end":{"line":167,"column":null}},"type":"cond-expr","locations":[{"start":{"line":161,"column":16},"end":{"line":165,"column":null}},{"start":{"line":167,"column":16},"end":{"line":167,"column":null}}],"line":160},"17":{"loc":{"start":{"line":164,"column":48},"end":{"line":164,"column":68}},"type":"binary-expr","locations":[{"start":{"line":164,"column":48},"end":{"line":164,"column":66}},{"start":{"line":164,"column":66},"end":{"line":164,"column":68}}],"line":164},"18":{"loc":{"start":{"line":174,"column":12},"end":{"line":183,"column":null}},"type":"binary-expr","locations":[{"start":{"line":174,"column":12},"end":{"line":174,"column":33}},{"start":{"line":174,"column":33},"end":{"line":174,"column":null}},{"start":{"line":175,"column":12},"end":{"line":183,"column":null}}],"line":174},"19":{"loc":{"start":{"line":187,"column":15},"end":{"line":187,"column":null}},"type":"binary-expr","locations":[{"start":{"line":187,"column":15},"end":{"line":187,"column":36}},{"start":{"line":187,"column":36},"end":{"line":187,"column":null}}],"line":187},"20":{"loc":{"start":{"line":188,"column":15},"end":{"line":188,"column":null}},"type":"binary-expr","locations":[{"start":{"line":188,"column":15},"end":{"line":188,"column":34}},{"start":{"line":188,"column":34},"end":{"line":188,"column":null}}],"line":188},"21":{"loc":{"start":{"line":189,"column":15},"end":{"line":189,"column":null}},"type":"binary-expr","locations":[{"start":{"line":189,"column":15},"end":{"line":189,"column":35}},{"start":{"line":189,"column":35},"end":{"line":189,"column":null}}],"line":189},"22":{"loc":{"start":{"line":190,"column":15},"end":{"line":190,"column":null}},"type":"binary-expr","locations":[{"start":{"line":190,"column":15},"end":{"line":190,"column":37}},{"start":{"line":190,"column":37},"end":{"line":190,"column":null}}],"line":190},"23":{"loc":{"start":{"line":195,"column":7},"end":{"line":200,"column":null}},"type":"binary-expr","locations":[{"start":{"line":195,"column":7},"end":{"line":195,"column":null}},{"start":{"line":196,"column":8},"end":{"line":200,"column":null}}],"line":195}},"s":{"0":21,"1":21,"2":21,"3":21,"4":21,"5":31,"6":21,"7":21,"8":21,"9":10,"10":1,"11":1,"12":10,"13":3,"14":3,"15":21,"16":0,"17":21,"18":0,"19":21,"20":0,"21":0,"22":0,"23":0,"24":21,"25":5,"26":5,"27":5,"28":5,"29":5,"30":21,"31":0,"32":21,"33":0,"34":5,"35":0,"36":0,"37":0,"38":0,"39":2},"f":{"0":21,"1":31,"2":10,"3":0,"4":0,"5":0,"6":5,"7":0,"8":0,"9":5,"10":0,"11":0,"12":0,"13":0,"14":2},"b":{"0":[21],"1":[21],"2":[1,9],"3":[1,0],"4":[1,1],"5":[3,7],"6":[10,10],"7":[0,0],"8":[21,4],"9":[21,21],"10":[4,17],"11":[1,16],"12":[5,16],"13":[21,2],"14":[2,0],"15":[21,0],"16":[0,0],"17":[0,0],"18":[21,5,17],"19":[21,16],"20":[21,1],"21":[21,4],"22":[21,0],"23":[21,0]},"meta":{"lastBranch":24,"lastFunction":15,"lastStatement":40,"seen":{"f:27:16:27:25":0,"b:32:19:32:Infinity":0,"b:33:20:33:Infinity":1,"s:35:28:35:Infinity":0,"s:36:30:36:Infinity":1,"s:37:28:37:Infinity":2,"s:38:40:38:Infinity":3,"s:39:15:39:Infinity":4,"f:39:34:39:35":1,"s:39:45:39:61":5,"s:40:29:40:Infinity":6,"s:41:8:41:Infinity":7,"s:43:2:52:Infinity":8,"f:43:12:43:18":2,"b:44:4:47:Infinity:undefined:undefined:undefined:undefined":2,"s:44:4:47:Infinity":9,"s:45:6:45:Infinity":10,"b:45:17:45:34:45:34:45:36":3,"s:46:6:46:Infinity":11,"b:46:18:46:36:46:36:46:38":4,"b:48:4:51:Infinity:undefined:undefined:undefined:undefined":5,"s:48:4:51:Infinity":12,"b:48:8:48:31:48:31:48:50":6,"s:49:6:49:Infinity":13,"s:50:6:50:Infinity":14,"s:54:25:56:Infinity":15,"f:54:25:54:26":3,"s:55:4:55:Infinity":16,"s:58:26:60:Infinity":17,"f:58:26:58:32":4,"s:59:4:59:Infinity":18,"s:62:22:71:Infinity":19,"f:62:22:62:Infinity":5,"b:66:4:70:Infinity:undefined:undefined:undefined:undefined":7,"s:66:4:70:Infinity":20,"s:67:23:67:Infinity":21,"s:68:6:68:Infinity":22,"s:69:6:69:Infinity":23,"s:73:23:79:Infinity":24,"f:73:23:73:24":6,"s:74:4:74:Infinity":25,"s:75:4:75:Infinity":26,"s:76:4:76:Infinity":27,"s:77:4:77:Infinity":28,"s:78:4:78:Infinity":29,"s:81:28:83:Infinity":30,"f:81:28:81:34":7,"s:82:4:82:Infinity":31,"s:85:2:202:Infinity":32,"b:88:9:88:Infinity:89:10:100:Infinity":8,"f:95:37:95:43":8,"s:95:43:95:77":33,"b:103:9:103:Infinity:104:10:120:Infinity":9,"b:110:20:110:Infinity:111:20:113:Infinity":10,"b:112:20:112:Infinity:113:20:113:Infinity":11,"f:116:24:116:25":9,"s:116:31:116:Infinity":34,"f:117:23:117:24":10,"s:117:30:117:Infinity":35,"b:118:45:118:64:118:64:118:Infinity":12,"b:123:9:123:Infinity:124:10:138:Infinity":13,"b:126:13:126:Infinity:127:14:136:Infinity":14,"b:141:9:141:Infinity:142:10:170:Infinity":15,"f:148:26:148:27":11,"s:148:33:148:Infinity":36,"f:149:25:149:26":12,"s:149:32:149:Infinity":37,"b:161:16:165:Infinity:167:16:167:Infinity":16,"f:164:27:164:33":13,"s:164:33:164:Infinity":38,"b:164:48:164:66:164:66:164:68":17,"b:174:12:174:33:174:33:174:Infinity:175:12:183:Infinity":18,"f:181:26:181:27":14,"s:181:33:181:Infinity":39,"b:187:15:187:36:187:36:187:Infinity":19,"b:188:15:188:34:188:34:188:Infinity":20,"b:189:15:189:35:189:35:189:Infinity":21,"b:190:15:190:37:190:37:190:Infinity":22,"b:195:7:195:Infinity:196:8:200:Infinity":23}}}
,"C:\\Users\\Joanna\\Desktop\\DEV\\GrowTwitter\\GrowTwitter-FrontEnd\\src\\components\\UserCard\\UserCardStyle.ts": {"path":"C:\\Users\\Joanna\\Desktop\\DEV\\GrowTwitter\\GrowTwitter-FrontEnd\\src\\components\\UserCard\\UserCardStyle.ts","statementMap":{"0":{"start":{"line":3,"column":29},"end":{"line":24,"column":null}},"1":{"start":{"line":24,"column":28},"end":{"line":24,"column":47}}},"fnMap":{"0":{"name":"(anonymous_0)","decl":{"start":{"line":24,"column":13},"end":{"line":24,"column":14}},"loc":{"start":{"line":24,"column":28},"end":{"line":24,"column":47}},"line":24}},"branchMap":{},"s":{"0":2,"1":4},"f":{"0":4},"b":{},"meta":{"lastBranch":0,"lastFunction":1,"lastStatement":2,"seen":{"s:3:29:24:Infinity":0,"f:24:13:24:14":0,"s:24:28:24:47":1}}}
,"C:\\Users\\Joanna\\Desktop\\DEV\\GrowTwitter\\GrowTwitter-FrontEnd\\src\\components\\UserCard\\index.tsx": {"path":"C:\\Users\\Joanna\\Desktop\\DEV\\GrowTwitter\\GrowTwitter-FrontEnd\\src\\components\\UserCard\\index.tsx","statementMap":{"0":{"start":{"line":17,"column":22},"end":{"line":17,"column":null}},"1":{"start":{"line":19,"column":2},"end":{"line":35,"column":null}}},"fnMap":{"0":{"name":"UserCard","decl":{"start":{"line":16,"column":16},"end":{"line":16,"column":25}},"loc":{"start":{"line":16,"column":78},"end":{"line":37,"column":null}},"line":16}},"branchMap":{"0":{"loc":{"start":{"line":30,"column":9},"end":{"line":32,"column":null}},"type":"cond-expr","locations":[{"start":{"line":30,"column":30},"end":{"line":31,"column":null}},{"start":{"line":31,"column":74},"end":{"line":32,"column":null}}],"line":30},"1":{"loc":{"start":{"line":31,"column":23},"end":{"line":31,"column":59}},"type":"binary-expr","locations":[{"start":{"line":31,"column":23},"end":{"line":31,"column":42}},{"start":{"line":31,"column":42},"end":{"line":31,"column":59}}],"line":31},"2":{"loc":{"start":{"line":32,"column":23},"end":{"line":32,"column":59}},"type":"binary-expr","locations":[{"start":{"line":32,"column":23},"end":{"line":32,"column":42}},{"start":{"line":32,"column":42},"end":{"line":32,"column":59}}],"line":32}},"s":{"0":4,"1":4},"f":{"0":4},"b":{"0":[0,4],"1":[0,0],"2":[4,4]},"meta":{"lastBranch":3,"lastFunction":1,"lastStatement":2,"seen":{"f:16:16:16:25":0,"s:17:22:17:Infinity":0,"s:19:2:35:Infinity":1,"b:30:30:31:Infinity:31:74:32:Infinity":0,"b:31:23:31:42:31:42:31:59":1,"b:32:23:32:42:32:42:32:59":2}}}
,"C:\\Users\\Joanna\\Desktop\\DEV\\GrowTwitter\\GrowTwitter-FrontEnd\\src\\configs\\services\\api.service.ts": {"path":"C:\\Users\\Joanna\\Desktop\\DEV\\GrowTwitter\\GrowTwitter-FrontEnd\\src\\configs\\services\\api.service.ts","statementMap":{"0":{"start":{"line":10,"column":16},"end":{"line":10,"column":null}},"1":{"start":{"line":12,"column":19},"end":{"line":14,"column":null}}},"fnMap":{},"branchMap":{},"s":{"0":5,"1":5},"f":{},"b":{},"meta":{"lastBranch":0,"lastFunction":0,"lastStatement":2,"seen":{"s:10:16:10:Infinity":0,"s:12:19:14:Infinity":1}}}
,"C:\\Users\\Joanna\\Desktop\\DEV\\GrowTwitter\\GrowTwitter-FrontEnd\\src\\configs\\services\\auth.service.ts": {"path":"C:\\Users\\Joanna\\Desktop\\DEV\\GrowTwitter\\GrowTwitter-FrontEnd\\src\\configs\\services\\auth.service.ts","statementMap":{"0":{"start":{"line":12,"column":2},"end":{"line":29,"column":null}},"1":{"start":{"line":13,"column":21},"end":{"line":16,"column":null}},"2":{"start":{"line":18,"column":4},"end":{"line":22,"column":null}},"3":{"start":{"line":24,"column":4},"end":{"line":24,"column":null}},"4":{"start":{"line":25,"column":4},"end":{"line":28,"column":null}},"5":{"start":{"line":33,"column":2},"end":{"line":47,"column":null}},"6":{"start":{"line":34,"column":21},"end":{"line":34,"column":null}},"7":{"start":{"line":36,"column":4},"end":{"line":40,"column":null}},"8":{"start":{"line":42,"column":4},"end":{"line":42,"column":null}},"9":{"start":{"line":43,"column":4},"end":{"line":46,"column":null}}},"fnMap":{"0":{"name":"signupService","decl":{"start":{"line":11,"column":22},"end":{"line":11,"column":36}},"loc":{"start":{"line":11,"column":57},"end":{"line":30,"column":null}},"line":11},"1":{"name":"loginService","decl":{"start":{"line":32,"column":22},"end":{"line":32,"column":35}},"loc":{"start":{"line":32,"column":73},"end":{"line":48,"column":null}},"line":32}},"branchMap":{},"s":{"0":0,"1":0,"2":0,"3":0,"4":0,"5":0,"6":0,"7":0,"8":0,"9":0},"f":{"0":0,"1":0},"b":{},"meta":{"lastBranch":0,"lastFunction":2,"lastStatement":10,"seen":{"f:11:22:11:36":0,"s:12:2:29:Infinity":0,"s:13:21:16:Infinity":1,"s:18:4:22:Infinity":2,"s:24:4:24:Infinity":3,"s:25:4:28:Infinity":4,"f:32:22:32:35":1,"s:33:2:47:Infinity":5,"s:34:21:34:Infinity":6,"s:36:4:40:Infinity":7,"s:42:4:42:Infinity":8,"s:43:4:46:Infinity":9}}}
,"C:\\Users\\Joanna\\Desktop\\DEV\\GrowTwitter\\GrowTwitter-FrontEnd\\src\\configs\\services\\tweet.service.ts": {"path":"C:\\Users\\Joanna\\Desktop\\DEV\\GrowTwitter\\GrowTwitter-FrontEnd\\src\\configs\\services\\tweet.service.ts","statementMap":{"0":{"start":{"line":18,"column":2},"end":{"line":35,"column":null}},"1":{"start":{"line":19,"column":21},"end":{"line":21,"column":null}},"2":{"start":{"line":23,"column":4},"end":{"line":27,"column":null}},"3":{"start":{"line":29,"column":4},"end":{"line":29,"column":null}},"4":{"start":{"line":31,"column":4},"end":{"line":34,"column":null}},"5":{"start":{"line":39,"column":2},"end":{"line":60,"column":null}},"6":{"start":{"line":40,"column":20},"end":{"line":40,"column":null}},"7":{"start":{"line":41,"column":21},"end":{"line":45,"column":null}},"8":{"start":{"line":47,"column":4},"end":{"line":51,"column":null}},"9":{"start":{"line":53,"column":4},"end":{"line":53,"column":null}},"10":{"start":{"line":55,"column":4},"end":{"line":59,"column":null}},"11":{"start":{"line":67,"column":2},"end":{"line":87,"column":null}},"12":{"start":{"line":68,"column":20},"end":{"line":68,"column":null}},"13":{"start":{"line":69,"column":21},"end":{"line":73,"column":null}},"14":{"start":{"line":75,"column":4},"end":{"line":79,"column":null}},"15":{"start":{"line":81,"column":4},"end":{"line":81,"column":null}},"16":{"start":{"line":83,"column":4},"end":{"line":86,"column":null}},"17":{"start":{"line":94,"column":2},"end":{"line":124,"column":null}},"18":{"start":{"line":95,"column":20},"end":{"line":95,"column":null}},"19":{"start":{"line":96,"column":21},"end":{"line":103,"column":null}},"20":{"start":{"line":104,"column":23},"end":{"line":104,"column":null}},"21":{"start":{"line":105,"column":4},"end":{"line":112,"column":null}},"22":{"start":{"line":106,"column":6},"end":{"line":106,"column":null}},"23":{"start":{"line":107,"column":6},"end":{"line":111,"column":null}},"24":{"start":{"line":113,"column":4},"end":{"line":117,"column":null}},"25":{"start":{"line":119,"column":4},"end":{"line":119,"column":null}},"26":{"start":{"line":120,"column":4},"end":{"line":123,"column":null}},"27":{"start":{"line":131,"column":2},"end":{"line":162,"column":null}},"28":{"start":{"line":132,"column":21},"end":{"line":139,"column":null}},"29":{"start":{"line":140,"column":23},"end":{"line":140,"column":null}},"30":{"start":{"line":141,"column":4},"end":{"line":149,"column":null}},"31":{"start":{"line":142,"column":6},"end":{"line":142,"column":null}},"32":{"start":{"line":144,"column":6},"end":{"line":148,"column":null}},"33":{"start":{"line":150,"column":4},"end":{"line":154,"column":null}},"34":{"start":{"line":156,"column":4},"end":{"line":156,"column":null}},"35":{"start":{"line":158,"column":4},"end":{"line":161,"column":null}},"36":{"start":{"line":169,"column":24},"end":{"line":169,"column":null}},"37":{"start":{"line":171,"column":2},"end":{"line":190,"column":null}},"38":{"start":{"line":172,"column":21},"end":{"line":176,"column":null}},"39":{"start":{"line":178,"column":4},"end":{"line":182,"column":null}},"40":{"start":{"line":184,"column":4},"end":{"line":184,"column":null}},"41":{"start":{"line":186,"column":4},"end":{"line":189,"column":null}},"42":{"start":{"line":197,"column":2},"end":{"line":220,"column":null}},"43":{"start":{"line":198,"column":21},"end":{"line":206,"column":null}},"44":{"start":{"line":208,"column":4},"end":{"line":212,"column":null}},"45":{"start":{"line":214,"column":4},"end":{"line":214,"column":null}},"46":{"start":{"line":216,"column":4},"end":{"line":219,"column":null}},"47":{"start":{"line":224,"column":2},"end":{"line":241,"column":null}},"48":{"start":{"line":225,"column":21},"end":{"line":227,"column":null}},"49":{"start":{"line":229,"column":4},"end":{"line":233,"column":null}},"50":{"start":{"line":235,"column":4},"end":{"line":235,"column":null}},"51":{"start":{"line":237,"column":4},"end":{"line":240,"column":null}}},"fnMap":{"0":{"name":"postTweetService","decl":{"start":{"line":14,"column":22},"end":{"line":14,"column":null}},"loc":{"start":{"line":17,"column":2},"end":{"line":36,"column":null}},"line":17},"1":{"name":"likeTweetService","decl":{"start":{"line":38,"column":22},"end":{"line":38,"column":39}},"loc":{"start":{"line":38,"column":66},"end":{"line":61,"column":null}},"line":38},"2":{"name":"retweetService","decl":{"start":{"line":63,"column":22},"end":{"line":63,"column":null}},"loc":{"start":{"line":66,"column":2},"end":{"line":88,"column":null}},"line":66},"3":{"name":"getTweetsService","decl":{"start":{"line":90,"column":22},"end":{"line":90,"column":null}},"loc":{"start":{"line":93,"column":2},"end":{"line":125,"column":null}},"line":93},"4":{"name":"getFeedService","decl":{"start":{"line":127,"column":22},"end":{"line":127,"column":null}},"loc":{"start":{"line":130,"column":2},"end":{"line":163,"column":null}},"line":130},"5":{"name":"getTweetDetailsService","decl":{"start":{"line":165,"column":22},"end":{"line":165,"column":45}},"loc":{"start":{"line":168,"column":32},"end":{"line":191,"column":null}},"line":168},"6":{"name":"updateTweetService","decl":{"start":{"line":193,"column":22},"end":{"line":193,"column":null}},"loc":{"start":{"line":196,"column":31},"end":{"line":221,"column":null}},"line":196},"7":{"name":"deleteTweetService","decl":{"start":{"line":223,"column":22},"end":{"line":223,"column":41}},"loc":{"start":{"line":223,"column":68},"end":{"line":242,"column":null}},"line":223}},"branchMap":{"0":{"loc":{"start":{"line":33,"column":15},"end":{"line":33,"column":null}},"type":"binary-expr","locations":[{"start":{"line":33,"column":15},"end":{"line":33,"column":48}},{"start":{"line":33,"column":48},"end":{"line":33,"column":null}}],"line":33},"1":{"loc":{"start":{"line":58,"column":8},"end":{"line":58,"column":null}},"type":"binary-expr","locations":[{"start":{"line":58,"column":8},"end":{"line":58,"column":41}},{"start":{"line":58,"column":41},"end":{"line":58,"column":null}}],"line":58},"2":{"loc":{"start":{"line":85,"column":15},"end":{"line":85,"column":null}},"type":"binary-expr","locations":[{"start":{"line":85,"column":15},"end":{"line":85,"column":48}},{"start":{"line":85,"column":48},"end":{"line":85,"column":null}}],"line":85},"3":{"loc":{"start":{"line":91,"column":2},"end":{"line":91,"column":null}},"type":"default-arg","locations":[{"start":{"line":91,"column":47},"end":{"line":91,"column":null}}],"line":91},"4":{"loc":{"start":{"line":95,"column":20},"end":{"line":95,"column":null}},"type":"cond-expr","locations":[{"start":{"line":95,"column":28},"end":{"line":95,"column":67}},{"start":{"line":95,"column":67},"end":{"line":95,"column":null}}],"line":95},"5":{"loc":{"start":{"line":105,"column":4},"end":{"line":112,"column":null}},"type":"if","locations":[{"start":{"line":105,"column":4},"end":{"line":112,"column":null}},{"start":{},"end":{}}],"line":105},"6":{"loc":{"start":{"line":122,"column":15},"end":{"line":122,"column":null}},"type":"binary-expr","locations":[{"start":{"line":122,"column":15},"end":{"line":122,"column":48}},{"start":{"line":122,"column":48},"end":{"line":122,"column":null}}],"line":122},"7":{"loc":{"start":{"line":128,"column":2},"end":{"line":128,"column":null}},"type":"default-arg","locations":[{"start":{"line":128,"column":47},"end":{"line":128,"column":null}}],"line":128},"8":{"loc":{"start":{"line":141,"column":4},"end":{"line":149,"column":null}},"type":"if","locations":[{"start":{"line":141,"column":4},"end":{"line":149,"column":null}},{"start":{},"end":{}}],"line":141},"9":{"loc":{"start":{"line":160,"column":15},"end":{"line":160,"column":null}},"type":"binary-expr","locations":[{"start":{"line":160,"column":15},"end":{"line":160,"column":48}},{"start":{"line":160,"column":48},"end":{"line":160,"column":null}}],"line":160},"10":{"loc":{"start":{"line":188,"column":15},"end":{"line":188,"column":null}},"type":"binary-expr","locations":[{"start":{"line":188,"column":15},"end":{"line":188,"column":48}},{"start":{"line":188,"column":48},"end":{"line":188,"column":null}}],"line":188},"11":{"loc":{"start":{"line":218,"column":15},"end":{"line":218,"column":null}},"type":"binary-expr","locations":[{"start":{"line":218,"column":15},"end":{"line":218,"column":48}},{"start":{"line":218,"column":48},"end":{"line":218,"column":null}}],"line":218},"12":{"loc":{"start":{"line":239,"column":15},"end":{"line":239,"column":null}},"type":"binary-expr","locations":[{"start":{"line":239,"column":15},"end":{"line":239,"column":48}},{"start":{"line":239,"column":48},"end":{"line":239,"column":null}}],"line":239}},"s":{"0":0,"1":0,"2":0,"3":0,"4":0,"5":0,"6":0,"7":0,"8":0,"9":0,"10":0,"11":0,"12":0,"13":0,"14":0,"15":0,"16":0,"17":0,"18":0,"19":0,"20":0,"21":0,"22":0,"23":0,"24":0,"25":0,"26":0,"27":0,"28":0,"29":0,"30":0,"31":0,"32":0,"33":0,"34":0,"35":0,"36":0,"37":0,"38":0,"39":0,"40":0,"41":0,"42":0,"43":0,"44":0,"45":0,"46":0,"47":0,"48":0,"49":0,"50":0,"51":0},"f":{"0":0,"1":0,"2":0,"3":0,"4":0,"5":0,"6":0,"7":0},"b":{"0":[0,0],"1":[0,0],"2":[0,0],"3":[0],"4":[0,0],"5":[0,0],"6":[0,0],"7":[0],"8":[0,0],"9":[0,0],"10":[0,0],"11":[0,0],"12":[0,0]},"meta":{"lastBranch":13,"lastFunction":8,"lastStatement":52,"seen":{"f:14:22:14:Infinity":0,"s:18:2:35:Infinity":0,"s:19:21:21:Infinity":1,"s:23:4:27:Infinity":2,"s:29:4:29:Infinity":3,"s:31:4:34:Infinity":4,"b:33:15:33:48:33:48:33:Infinity":0,"f:38:22:38:39":1,"s:39:2:60:Infinity":5,"s:40:20:40:Infinity":6,"s:41:21:45:Infinity":7,"s:47:4:51:Infinity":8,"s:53:4:53:Infinity":9,"s:55:4:59:Infinity":10,"b:58:8:58:41:58:41:58:Infinity":1,"f:63:22:63:Infinity":2,"s:67:2:87:Infinity":11,"s:68:20:68:Infinity":12,"s:69:21:73:Infinity":13,"s:75:4:79:Infinity":14,"s:81:4:81:Infinity":15,"s:83:4:86:Infinity":16,"b:85:15:85:48:85:48:85:Infinity":2,"f:90:22:90:Infinity":3,"b:91:47:91:Infinity":3,"s:94:2:124:Infinity":17,"s:95:20:95:Infinity":18,"b:95:28:95:67:95:67:95:Infinity":4,"s:96:21:103:Infinity":19,"s:104:23:104:Infinity":20,"b:105:4:112:Infinity:undefined:undefined:undefined:undefined":5,"s:105:4:112:Infinity":21,"s:106:6:106:Infinity":22,"s:107:6:111:Infinity":23,"s:113:4:117:Infinity":24,"s:119:4:119:Infinity":25,"s:120:4:123:Infinity":26,"b:122:15:122:48:122:48:122:Infinity":6,"f:127:22:127:Infinity":4,"b:128:47:128:Infinity":7,"s:131:2:162:Infinity":27,"s:132:21:139:Infinity":28,"s:140:23:140:Infinity":29,"b:141:4:149:Infinity:undefined:undefined:undefined:undefined":8,"s:141:4:149:Infinity":30,"s:142:6:142:Infinity":31,"s:144:6:148:Infinity":32,"s:150:4:154:Infinity":33,"s:156:4:156:Infinity":34,"s:158:4:161:Infinity":35,"b:160:15:160:48:160:48:160:Infinity":9,"f:165:22:165:45":5,"s:169:24:169:Infinity":36,"s:171:2:190:Infinity":37,"s:172:21:176:Infinity":38,"s:178:4:182:Infinity":39,"s:184:4:184:Infinity":40,"s:186:4:189:Infinity":41,"b:188:15:188:48:188:48:188:Infinity":10,"f:193:22:193:Infinity":6,"s:197:2:220:Infinity":42,"s:198:21:206:Infinity":43,"s:208:4:212:Infinity":44,"s:214:4:214:Infinity":45,"s:216:4:219:Infinity":46,"b:218:15:218:48:218:48:218:Infinity":11,"f:223:22:223:41":7,"s:224:2:241:Infinity":47,"s:225:21:227:Infinity":48,"s:229:4:233:Infinity":49,"s:235:4:235:Infinity":50,"s:237:4:240:Infinity":51,"b:239:15:239:48:239:48:239:Infinity":12}}}
,"C:\\Users\\Joanna\\Desktop\\DEV\\GrowTwitter\\GrowTwitter-FrontEnd\\src\\configs\\services\\user.service.ts": {"path":"C:\\Users\\Joanna\\Desktop\\DEV\\GrowTwitter\\GrowTwitter-FrontEnd\\src\\configs\\services\\user.service.ts","statementMap":{"0":{"start":{"line":7,"column":2},"end":{"line":25,"column":null}},"1":{"start":{"line":8,"column":20},"end":{"line":8,"column":null}},"2":{"start":{"line":9,"column":21},"end":{"line":13,"column":null}},"3":{"start":{"line":14,"column":4},"end":{"line":18,"column":null}},"4":{"start":{"line":20,"column":4},"end":{"line":20,"column":null}},"5":{"start":{"line":21,"column":4},"end":{"line":24,"column":null}},"6":{"start":{"line":32,"column":2},"end":{"line":50,"column":null}},"7":{"start":{"line":33,"column":20},"end":{"line":33,"column":null}},"8":{"start":{"line":34,"column":21},"end":{"line":37,"column":null}},"9":{"start":{"line":39,"column":4},"end":{"line":43,"column":null}},"10":{"start":{"line":45,"column":4},"end":{"line":45,"column":null}},"11":{"start":{"line":46,"column":4},"end":{"line":49,"column":null}},"12":{"start":{"line":54,"column":2},"end":{"line":71,"column":null}},"13":{"start":{"line":55,"column":20},"end":{"line":55,"column":null}},"14":{"start":{"line":56,"column":21},"end":{"line":58,"column":null}},"15":{"start":{"line":59,"column":4},"end":{"line":63,"column":null}},"16":{"start":{"line":65,"column":4},"end":{"line":65,"column":null}},"17":{"start":{"line":66,"column":4},"end":{"line":70,"column":null}},"18":{"start":{"line":78,"column":2},"end":{"line":93,"column":null}},"19":{"start":{"line":79,"column":21},"end":{"line":81,"column":null}},"20":{"start":{"line":82,"column":4},"end":{"line":86,"column":null}},"21":{"start":{"line":88,"column":4},"end":{"line":88,"column":null}},"22":{"start":{"line":89,"column":4},"end":{"line":92,"column":null}},"23":{"start":{"line":97,"column":2},"end":{"line":112,"column":null}},"24":{"start":{"line":98,"column":21},"end":{"line":100,"column":null}},"25":{"start":{"line":101,"column":4},"end":{"line":105,"column":null}},"26":{"start":{"line":107,"column":4},"end":{"line":107,"column":null}},"27":{"start":{"line":108,"column":4},"end":{"line":111,"column":null}}},"fnMap":{"0":{"name":"followUserService","decl":{"start":{"line":6,"column":22},"end":{"line":6,"column":40}},"loc":{"start":{"line":6,"column":67},"end":{"line":26,"column":null}},"line":6},"1":{"name":"getUsersService","decl":{"start":{"line":28,"column":22},"end":{"line":28,"column":null}},"loc":{"start":{"line":31,"column":2},"end":{"line":51,"column":null}},"line":31},"2":{"name":"getUserDetailsService","decl":{"start":{"line":53,"column":22},"end":{"line":53,"column":44}},"loc":{"start":{"line":53,"column":71},"end":{"line":72,"column":null}},"line":53},"3":{"name":"updateUserService","decl":{"start":{"line":74,"column":22},"end":{"line":74,"column":null}},"loc":{"start":{"line":77,"column":2},"end":{"line":94,"column":null}},"line":77},"4":{"name":"deleteUserService","decl":{"start":{"line":96,"column":22},"end":{"line":96,"column":40}},"loc":{"start":{"line":96,"column":67},"end":{"line":113,"column":null}},"line":96}},"branchMap":{"0":{"loc":{"start":{"line":23,"column":15},"end":{"line":23,"column":null}},"type":"binary-expr","locations":[{"start":{"line":23,"column":15},"end":{"line":23,"column":48}},{"start":{"line":23,"column":48},"end":{"line":23,"column":null}}],"line":23},"1":{"loc":{"start":{"line":29,"column":2},"end":{"line":29,"column":null}},"type":"default-arg","locations":[{"start":{"line":29,"column":49},"end":{"line":29,"column":null}}],"line":29},"2":{"loc":{"start":{"line":33,"column":20},"end":{"line":33,"column":null}},"type":"cond-expr","locations":[{"start":{"line":33,"column":28},"end":{"line":33,"column":67}},{"start":{"line":33,"column":67},"end":{"line":33,"column":null}}],"line":33},"3":{"loc":{"start":{"line":48,"column":15},"end":{"line":48,"column":null}},"type":"binary-expr","locations":[{"start":{"line":48,"column":15},"end":{"line":48,"column":48}},{"start":{"line":48,"column":48},"end":{"line":48,"column":null}}],"line":48},"4":{"loc":{"start":{"line":69,"column":8},"end":{"line":69,"column":null}},"type":"binary-expr","locations":[{"start":{"line":69,"column":8},"end":{"line":69,"column":41}},{"start":{"line":69,"column":41},"end":{"line":69,"column":null}}],"line":69},"5":{"loc":{"start":{"line":91,"column":15},"end":{"line":91,"column":null}},"type":"binary-expr","locations":[{"start":{"line":91,"column":15},"end":{"line":91,"column":48}},{"start":{"line":91,"column":48},"end":{"line":91,"column":null}}],"line":91},"6":{"loc":{"start":{"line":110,"column":15},"end":{"line":110,"column":null}},"type":"binary-expr","locations":[{"start":{"line":110,"column":15},"end":{"line":110,"column":48}},{"start":{"line":110,"column":48},"end":{"line":110,"column":null}}],"line":110}},"s":{"0":0,"1":0,"2":0,"3":0,"4":0,"5":0,"6":0,"7":0,"8":0,"9":0,"10":0,"11":0,"12":0,"13":0,"14":0,"15":0,"16":0,"17":0,"18":0,"19":0,"20":0,"21":0,"22":0,"23":0,"24":0,"25":0,"26":0,"27":0},"f":{"0":0,"1":0,"2":0,"3":0,"4":0},"b":{"0":[0,0],"1":[0],"2":[0,0],"3":[0,0],"4":[0,0],"5":[0,0],"6":[0,0]},"meta":{"lastBranch":7,"lastFunction":5,"lastStatement":28,"seen":{"f:6:22:6:40":0,"s:7:2:25:Infinity":0,"s:8:20:8:Infinity":1,"s:9:21:13:Infinity":2,"s:14:4:18:Infinity":3,"s:20:4:20:Infinity":4,"s:21:4:24:Infinity":5,"b:23:15:23:48:23:48:23:Infinity":0,"f:28:22:28:Infinity":1,"b:29:49:29:Infinity":1,"s:32:2:50:Infinity":6,"s:33:20:33:Infinity":7,"b:33:28:33:67:33:67:33:Infinity":2,"s:34:21:37:Infinity":8,"s:39:4:43:Infinity":9,"s:45:4:45:Infinity":10,"s:46:4:49:Infinity":11,"b:48:15:48:48:48:48:48:Infinity":3,"f:53:22:53:44":2,"s:54:2:71:Infinity":12,"s:55:20:55:Infinity":13,"s:56:21:58:Infinity":14,"s:59:4:63:Infinity":15,"s:65:4:65:Infinity":16,"s:66:4:70:Infinity":17,"b:69:8:69:41:69:41:69:Infinity":4,"f:74:22:74:Infinity":3,"s:78:2:93:Infinity":18,"s:79:21:81:Infinity":19,"s:82:4:86:Infinity":20,"s:88:4:88:Infinity":21,"s:89:4:92:Infinity":22,"b:91:15:91:48:91:48:91:Infinity":5,"f:96:22:96:40":4,"s:97:2:112:Infinity":23,"s:98:21:100:Infinity":24,"s:101:4:105:Infinity":25,"s:107:4:107:Infinity":26,"s:108:4:111:Infinity":27,"b:110:15:110:48:110:48:110:Infinity":6}}}
,"C:\\Users\\Joanna\\Desktop\\DEV\\GrowTwitter\\GrowTwitter-FrontEnd\\src\\configs\\themes\\dark.ts": {"path":"C:\\Users\\Joanna\\Desktop\\DEV\\GrowTwitter\\GrowTwitter-FrontEnd\\src\\configs\\themes\\dark.ts","statementMap":{"0":{"start":{"line":5,"column":34},"end":{"line":13,"column":null}}},"fnMap":{},"branchMap":{},"s":{"0":4},"f":{},"b":{},"meta":{"lastBranch":0,"lastFunction":0,"lastStatement":1,"seen":{"s:5:34:13:Infinity":0}}}
,"C:\\Users\\Joanna\\Desktop\\DEV\\GrowTwitter\\GrowTwitter-FrontEnd\\src\\configs\\themes\\index.ts": {"path":"C:\\Users\\Joanna\\Desktop\\DEV\\GrowTwitter\\GrowTwitter-FrontEnd\\src\\configs\\themes\\index.ts","statementMap":{"0":{"start":{"line":1,"column":0},"end":{"line":1,"column":null}},"1":{"start":{"line":2,"column":0},"end":{"line":2,"column":null}}},"fnMap":{},"branchMap":{},"s":{"0":4,"1":4},"f":{},"b":{},"meta":{"lastBranch":0,"lastFunction":0,"lastStatement":2,"seen":{"s:1:0:1:Infinity":0,"s:2:0:2:Infinity":1}}}
,"C:\\Users\\Joanna\\Desktop\\DEV\\GrowTwitter\\GrowTwitter-FrontEnd\\src\\configs\\themes\\light.ts": {"path":"C:\\Users\\Joanna\\Desktop\\DEV\\GrowTwitter\\GrowTwitter-FrontEnd\\src\\configs\\themes\\light.ts","statementMap":{"0":{"start":{"line":5,"column":35},"end":{"line":13,"column":null}}},"fnMap":{},"branchMap":{},"s":{"0":4},"f":{},"b":{},"meta":{"lastBranch":0,"lastFunction":0,"lastStatement":1,"seen":{"s:5:35:13:Infinity":0}}}
,"C:\\Users\\Joanna\\Desktop\\DEV\\GrowTwitter\\GrowTwitter-FrontEnd\\src\\context\\ThemeContext.ts": {"path":"C:\\Users\\Joanna\\Desktop\\DEV\\GrowTwitter\\GrowTwitter-FrontEnd\\src\\context\\ThemeContext.ts","statementMap":{"0":{"start":{"line":8,"column":13},"end":{"line":10,"column":null}}},"fnMap":{},"branchMap":{},"s":{"0":2},"f":{},"b":{},"meta":{"lastBranch":0,"lastFunction":0,"lastStatement":1,"seen":{"s:8:13:10:Infinity":0}}}
[...]
d":{"line":121,"column":49}}],"line":121},"11":{"loc":{"start":{"line":126,"column":14},"end":{"line":131,"column":null}},"type":"if","locations":[{"start":{"line":126,"column":14},"end":{"line":131,"column":null}},{"start":{},"end":{}}],"line":126},"12":{"loc":{"start":{"line":140,"column":10},"end":{"line":140,"column":null}},"type":"binary-expr","locations":[{"start":{"line":140,"column":10},"end":{"line":140,"column":34}},{"start":{"line":140,"column":34},"end":{"line":140,"column":null}}],"line":140},"13":{"loc":{"start":{"line":151,"column":10},"end":{"line":163,"column":null}},"type":"if","locations":[{"start":{"line":151,"column":10},"end":{"line":163,"column":null}},{"start":{},"end":{}}],"line":151},"14":{"loc":{"start":{"line":155,"column":12},"end":{"line":162,"column":null}},"type":"if","locations":[{"start":{"line":155,"column":12},"end":{"line":162,"column":null}},{"start":{},"end":{}}],"line":155},"15":{"loc":{"start":{"line":155,"column":16},"end":{"line":155,"column":49}},"type":"binary-expr","locations":[{"start":{"line":155,"column":16},"end":{"line":155,"column":28}},{"start":{"line":155,"column":28},"end":{"line":155,"column":49}}],"line":155},"16":{"loc":{"start":{"line":159,"column":14},"end":{"line":161,"column":null}},"type":"if","locations":[{"start":{"line":159,"column":14},"end":{"line":161,"column":null}},{"start":{},"end":{}}],"line":159},"17":{"loc":{"start":{"line":169,"column":24},"end":{"line":169,"column":null}},"type":"binary-expr","locations":[{"start":{"line":169,"column":24},"end":{"line":169,"column":48}},{"start":{"line":169,"column":48},"end":{"line":169,"column":null}}],"line":169}},"s":{"0":5,"1":5,"2":5,"3":0,"4":0,"5":0,"6":0,"7":0,"8":0,"9":0,"10":0,"11":0,"12":0,"13":0,"14":0,"15":0,"16":0,"17":0,"18":0,"19":0,"20":0,"21":0,"22":0,"23":5,"24":0,"25":0,"26":0,"27":0,"28":0,"29":0,"30":0,"31":0,"32":0,"33":5,"34":0,"35":0,"36":0,"37":0,"38":0,"39":0,"40":0,"41":0,"42":0,"43":0,"44":0,"45":0,"46":0,"47":5,"48":0,"49":0,"50":0,"51":0,"52":0,"53":0,"54":0,"55":0,"56":0,"57":0,"58":0,"59":0,"60":0,"61":5},"f":{"0":5,"1":0,"2":0,"3":0,"4":0,"5":0,"6":0,"7":0,"8":0,"9":0,"10":0,"11":0,"12":0,"13":0,"14":0,"15":0,"16":0,"17":0},"b":{"0":[0,0],"1":[0,0],"2":[0,0],"3":[0,0],"4":[0,0],"5":[0,0],"6":[0,0],"7":[0,0],"8":[0,0],"9":[0,0],"10":[0,0],"11":[0,0],"12":[0,0],"13":[0,0],"14":[0,0],"15":[0,0],"16":[0,0],"17":[0,0]},"meta":{"lastBranch":18,"lastFunction":18,"lastStatement":62,"seen":{"s:13:35:35:Infinity":0,"s:37:6:172:Infinity":1,"f:41:2:41:16":0,"s:42:4:86:Infinity":2,"f:43:35:43:36":1,"s:44:8:44:Infinity":3,"f:48:8:48:9":2,"s:49:10:49:Infinity":4,"s:50:10:50:Infinity":5,"s:51:10:51:Infinity":6,"b:53:10:79:Infinity:undefined:undefined:undefined:undefined":0,"s:53:10:79:Infinity":7,"b:53:14:53:26:53:26:53:47":1,"s:54:47:54:Infinity":8,"s:55:30:57:Infinity":9,"f:56:14:56:15":3,"s:56:24:56:Infinity":10,"b:59:12:78:Infinity:undefined:undefined:undefined:undefined":2,"s:59:12:78:Infinity":11,"s:60:27:60:Infinity":12,"s:63:34:65:Infinity":13,"f:64:16:64:17":4,"s:64:23:64:Infinity":14,"b:67:14:75:Infinity:72:21:75:Infinity":3,"s:67:14:75:Infinity":15,"s:69:16:71:Infinity":16,"f:70:18:70:19":5,"s:70:25:70:Infinity":17,"s:74:16:74:Infinity":18,"s:77:14:77:Infinity":19,"f:82:36:82:37":6,"s:83:8:83:Infinity":20,"s:84:8:84:Infinity":21,"s:85:8:85:Infinity":22,"b:85:24:85:48:85:48:85:Infinity":4,"s:87:4:107:Infinity":23,"f:88:33:88:34":7,"s:89:8:89:Infinity":24,"f:93:8:93:9":8,"s:94:10:94:Infinity":25,"s:95:10:95:Infinity":26,"s:96:10:96:Infinity":27,"b:98:10:100:Infinity:undefined:undefined:undefined:undefined":5,"s:98:10:100:Infinity":28,"b:98:14:98:26:98:26:98:47":6,"s:99:12:99:Infinity":29,"f:103:34:103:35":9,"s:104:8:104:Infinity":30,"s:105:8:105:Infinity":31,"s:106:8:106:Infinity":32,"b:106:24:106:48:106:48:106:Infinity":7,"s:109:4:141:Infinity":33,"f:110:35:110:36":10,"s:111:8:111:Infinity":34,"f:115:8:115:9":11,"s:116:10:116:Infinity":35,"b:118:10:133:Infinity:undefined:undefined:undefined:undefined":8,"s:118:10:133:Infinity":36,"s:119:12:119:Infinity":37,"s:120:12:120:Infinity":38,"b:121:12:132:Infinity:undefined:undefined:undefined:undefined":9,"s:121:12:132:Infinity":39,"b:121:16:121:28:121:28:121:49":10,"s:122:28:124:Infinity":40,"f:123:16:123:17":12,"s:123:26:123:Infinity":41,"b:126:14:131:Infinity:undefined:undefined:undefined:undefined":11,"s:126:14:131:Infinity":42,"s:127:16:130:Infinity":43,"f:136:36:136:37":13,"s:137:8:137:Infinity":44,"s:138:8:138:Infinity":45,"s:139:8:140:Infinity":46,"b:140:10:140:34:140:34:140:Infinity":12,"s:143:4:170:Infinity":47,"f:144:35:144:36":14,"s:145:8:145:Infinity":48,"f:149:8:149:9":15,"s:150:10:150:Infinity":49,"b:151:10:163:Infinity:undefined:undefined:undefined:undefined":13,"s:151:10:163:Infinity":50,"s:152:12:152:Infinity":51,"s:153:12:153:Infinity":52,"b:155:12:162:Infinity:undefined:undefined:undefined:undefined":14,"s:155:12:162:Infinity":53,"b:155:16:155:28:155:28:155:49":15,"s:156:28:158:Infinity":54,"f:157:16:157:17":16,"s:157:26:157:Infinity":55,"b:159:14:161:Infinity:undefined:undefined:undefined:undefined":16,"s:159:14:161:Infinity":56,"s:160:16:160:Infinity":57,"f:166:36:166:37":17,"s:167:8:167:Infinity":58,"s:168:8:168:Infinity":59,"s:169:8:169:Infinity":60,"b:169:24:169:48:169:48:169:Infinity":17,"s:173:28:173:Infinity":61}}}
,"C:\\Users\\Joanna\\Desktop\\DEV\\GrowTwitter\\GrowTwitter-FrontEnd\\src\\store\\modules\\utils\\authUtils.ts": {"path":"C:\\Users\\Joanna\\Desktop\\DEV\\GrowTwitter\\GrowTwitter-FrontEnd\\src\\store\\modules\\utils\\authUtils.ts","statementMap":{"0":{"start":{"line":6,"column":18},"end":{"line":6,"column":null}},"1":{"start":{"line":7,"column":2},"end":{"line":9,"column":null}},"2":{"start":{"line":8,"column":4},"end":{"line":8,"column":null}}},"fnMap":{"0":{"name":"validateTokenOrThrow","decl":{"start":{"line":5,"column":22},"end":{"line":5,"column":43}},"loc":{"start":{"line":5,"column":73},"end":{"line":10,"column":null}},"line":5}},"branchMap":{"0":{"loc":{"start":{"line":7,"column":2},"end":{"line":9,"column":null}},"type":"if","locations":[{"start":{"line":7,"column":2},"end":{"line":9,"column":null}},{"start":{},"end":{}}],"line":7}},"s":{"0":0,"1":0,"2":0},"f":{"0":0},"b":{"0":[0,0]},"meta":{"lastBranch":1,"lastFunction":1,"lastStatement":3,"seen":{"f:5:22:5:43":0,"s:6:18:6:Infinity":0,"b:7:2:9:Infinity:undefined:undefined:undefined:undefined":0,"s:7:2:9:Infinity":1,"s:8:4:8:Infinity":2}}}
,"C:\\Users\\Joanna\\Desktop\\DEV\\GrowTwitter\\GrowTwitter-FrontEnd\\src\\store\\modules\\utils\\errorHandlers.ts": {"path":"C:\\Users\\Joanna\\Desktop\\DEV\\GrowTwitter\\GrowTwitter-FrontEnd\\src\\store\\modules\\utils\\errorHandlers.ts","statementMap":{"0":{"start":{"line":8,"column":2},"end":{"line":20,"column":null}},"1":{"start":{"line":13,"column":4},"end":{"line":18,"column":null}},"2":{"start":{"line":19,"column":4},"end":{"line":19,"column":null}},"3":{"start":{"line":21,"column":2},"end":{"line":21,"column":null}}},"fnMap":{"0":{"name":"handle403","decl":{"start":{"line":3,"column":22},"end":{"line":3,"column":null}},"loc":{"start":{"line":7,"column":20},"end":{"line":22,"column":null}},"line":7}},"branchMap":{"0":{"loc":{"start":{"line":8,"column":2},"end":{"line":20,"column":null}},"type":"if","locations":[{"start":{"line":8,"column":2},"end":{"line":20,"column":null}},{"start":{},"end":{}}],"line":8},"1":{"loc":{"start":{"line":9,"column":4},"end":{"line":11,"column":null}},"type":"binary-expr","locations":[{"start":{"line":9,"column":4},"end":{"line":9,"column":null}},{"start":{"line":10,"column":4},"end":{"line":11,"column":null}}],"line":9}},"s":{"0":0,"1":0,"2":0,"3":0},"f":{"0":0},"b":{"0":[0,0],"1":[0,0]},"meta":{"lastBranch":2,"lastFunction":1,"lastStatement":4,"seen":{"f:3:22:3:Infinity":0,"b:8:2:20:Infinity:undefined:undefined:undefined:undefined":0,"s:8:2:20:Infinity":0,"b:9:4:9:Infinity:10:4:11:Infinity":1,"s:13:4:18:Infinity":1,"s:19:4:19:Infinity":2,"s:21:2:21:Infinity":3}}}
,"C:\\Users\\Joanna\\Desktop\\DEV\\GrowTwitter\\GrowTwitter-FrontEnd\\src\\utils\\formatDate.ts": {"path":"C:\\Users\\Joanna\\Desktop\\DEV\\GrowTwitter\\GrowTwitter-FrontEnd\\src\\utils\\formatDate.ts","statementMap":{"0":{"start":{"line":1,"column":26},"end":{"line":111,"column":null}},"1":{"start":{"line":6,"column":4},"end":{"line":8,"column":null}},"2":{"start":{"line":11,"column":2},"end":{"line":13,"column":null}},"3":{"start":{"line":12,"column":4},"end":{"line":12,"column":null}},"4":{"start":{"line":16,"column":29},"end":{"line":32,"column":null}},"5":{"start":{"line":17,"column":19},"end":{"line":30,"column":null}},"6":{"start":{"line":31,"column":4},"end":{"line":31,"column":null}},"7":{"start":{"line":35,"column":29},"end":{"line":55,"column":null}},"8":{"start":{"line":36,"column":16},"end":{"line":36,"column":null}},"9":{"start":{"line":37,"column":20},"end":{"line":37,"column":null}},"10":{"start":{"line":38,"column":21},"end":{"line":38,"column":null}},"11":{"start":{"line":39,"column":20},"end":{"line":39,"column":null}},"12":{"start":{"line":40,"column":20},"end":{"line":40,"column":null}},"13":{"start":{"line":41,"column":18},"end":{"line":41,"column":null}},"14":{"start":{"line":42,"column":17},"end":{"line":42,"column":null}},"15":{"start":{"line":44,"column":4},"end":{"line":54,"column":null}},"16":{"start":{"line":45,"column":6},"end":{"line":45,"column":null}},"17":{"start":{"line":46,"column":4},"end":{"line":54,"column":null}},"18":{"start":{"line":47,"column":6},"end":{"line":47,"column":null}},"19":{"start":{"line":48,"column":4},"end":{"line":54,"column":null}},"20":{"start":{"line":49,"column":6},"end":{"line":49,"column":null}},"21":{"start":{"line":50,"column":4},"end":{"line":54,"column":null}},"22":{"start":{"line":51,"column":6},"end":{"line":51,"column":null}},"23":{"start":{"line":53,"column":6},"end":{"line":53,"column":null}},"24":{"start":{"line":58,"column":34},"end":{"line":76,"column":null}},"25":{"start":{"line":59,"column":16},"end":{"line":59,"column":null}},"26":{"start":{"line":60,"column":20},"end":{"line":60,"column":null}},"27":{"start":{"line":61,"column":21},"end":{"line":61,"column":null}},"28":{"start":{"line":62,"column":20},"end":{"line":62,"column":null}},"29":{"start":{"line":63,"column":20},"end":{"line":63,"column":null}},"30":{"start":{"line":64,"column":18},"end":{"line":64,"column":null}},"31":{"start":{"line":65,"column":17},"end":{"line":65,"column":null}},"32":{"start":{"line":67,"column":4},"end":{"line":75,"column":null}},"33":{"start":{"line":68,"column":6},"end":{"line":68,"column":null}},"34":{"start":{"line":69,"column":4},"end":{"line":75,"column":null}},"35":{"start":{"line":70,"column":6},"end":{"line":70,"column":null}},"36":{"start":{"line":71,"column":4},"end":{"line":75,"column":null}},"37":{"start":{"line":72,"column":6},"end":{"line":72,"column":null}},"38":{"start":{"line":74,"column":6},"end":{"line":74,"column":null}},"39":{"start":{"line":79,"column":14},"end":{"line":79,"column":null}},"40":{"start":{"line":80,"column":16},"end":{"line":80,"column":null}},"41":{"start":{"line":81,"column":15},"end":{"line":81,"column":null}},"42":{"start":{"line":83,"column":2},"end":{"line":108,"column":null}},"43":{"start":{"line":84,"column":4},"end":{"line":84,"column":null}},"44":{"start":{"line":85,"column":2},"end":{"line":108,"column":null}},"45":{"start":{"line":87,"column":19},"end":{"line":100,"column":null}},"46":{"start":{"line":101,"column":22},"end":{"line":101,"column":null}},"47":{"start":{"line":103,"column":4},"end":{"line":103,"column":null}},"48":{"start":{"line":104,"column":2},"end":{"line":108,"column":null}},"49":{"start":{"line":105,"column":4},"end":{"line":105,"column":null}},"50":{"start":{"line":106,"column":2},"end":{"line":108,"column":null}},"51":{"start":{"line":107,"column":4},"end":{"line":107,"column":null}},"52":{"start":{"line":110,"column":2},"end":{"line":110,"column":null}}},"fnMap":{"0":{"name":"(anonymous_0)","decl":{"start":{"line":1,"column":26},"end":{"line":1,"column":null}},"loc":{"start":{"line":4,"column":13},"end":{"line":111,"column":null}},"line":4},"1":{"name":"(anonymous_1)","decl":{"start":{"line":16,"column":29},"end":{"line":16,"column":30}},"loc":{"start":{"line":16,"column":56},"end":{"line":32,"column":null}},"line":16},"2":{"name":"(anonymous_2)","decl":{"start":{"line":35,"column":29},"end":{"line":35,"column":30}},"loc":{"start":{"line":35,"column":62},"end":{"line":55,"column":null}},"line":35},"3":{"name":"(anonymous_3)","decl":{"start":{"line":58,"column":34},"end":{"line":58,"column":35}},"loc":{"start":{"line":58,"column":67},"end":{"line":76,"column":null}},"line":58}},"branchMap":{"0":{"loc":{"start":{"line":3,"column":2},"end":{"line":3,"column":null}},"type":"default-arg","locations":[{"start":{"line":3,"column":64},"end":{"line":3,"column":null}}],"line":3},"1":{"loc":{"start":{"line":6,"column":4},"end":{"line":8,"column":null}},"type":"cond-expr","locations":[{"start":{"line":7,"column":8},"end":{"line":7,"column":null}},{"start":{"line":8,"column":8},"end":{"line":8,"column":null}}],"line":6},"2":{"loc":{"start":{"line":6,"column":4},"end":{"line":6,"column":null}},"type":"binary-expr","locations":[{"start":{"line":6,"column":4},"end":{"line":6,"column":32}},{"start":{"line":6,"column":32},"end":{"line":6,"column":null}}],"line":6},"3":{"loc":{"start":{"line":11,"column":2},"end":{"line":13,"column":null}},"type":"if","locations":[{"start":{"line":11,"column":2},"end":{"line":13,"column":null}},{"start":{},"end":{}}],"line":11},"4":{"loc":{"start":{"line":44,"column":4},"end":{"line":54,"column":null}},"type":"if","locations":[{"start":{"line":44,"column":4},"end":{"line":54,"column":null}},{"start":{"line":46,"column":4},"end":{"line":54,"column":null}}],"line":44},"5":{"loc":{"start":{"line":46,"column":4},"end":{"line":54,"column":null}},"type":"if","locations":[{"start":{"line":46,"column":4},"end":{"line":54,"column":null}},{"start":{"line":48,"column":4},"end":{"line":54,"column":null}}],"line":46},"6":{"loc":{"start":{"line":47,"column":30},"end":{"line":47,"column":49}},"type":"cond-expr","locations":[{"start":{"line":47,"column":41},"end":{"line":47,"column":47}},{"start":{"line":47,"column":47},"end":{"line":47,"column":49}}],"line":47},"7":{"loc":{"start":{"line":48,"column":4},"end":{"line":54,"column":null}},"type":"if","locations":[{"start":{"line":48,"column":4},"end":{"line":54,"column":null}},{"start":{"line":50,"column":4},"end":{"line":54,"column":null}}],"line":48},"8":{"loc":{"start":{"line":49,"column":32},"end":{"line":49,"column":52}},"type":"cond-expr","locations":[{"start":{"line":49,"column":44},"end":{"line":49,"column":50}},{"start":{"line":49,"column":50},"end":{"line":49,"column":52}}],"line":49},"9":{"loc":{"start":{"line":50,"column":4},"end":{"line":54,"column":null}},"type":"if","locations":[{"start":{"line":50,"column":4},"end":{"line":54,"column":null}},{"start":{"line":52,"column":11},"end":{"line":54,"column":null}}],"line":50},"10":{"loc":{"start":{"line":51,"column":36},"end":{"line":51,"column":58}},"type":"cond-expr","locations":[{"start":{"line":51,"column":50},"end":{"line":51,"column":56}},{"start":{"line":51,"column":56},"end":{"line":51,"column":58}}],"line":51},"11":{"loc":{"start":{"line":53,"column":37},"end":{"line":53,"column":59}},"type":"cond-expr","locations":[{"start":{"line":53,"column":51},"end":{"line":53,"column":57}},{"start":{"line":53,"column":57},"end":{"line":53,"column":59}}],"line":53},"12":{"loc":{"start":{"line":67,"column":4},"end":{"line":75,"column":null}},"type":"if","locations":[{"start":{"line":67,"column":4},"end":{"line":75,"column":null}},{"start":{"line":69,"column":4},"end":{"line":75,"column":null}}],"line":67},"13":{"loc":{"start":{"line":69,"column":4},"end":{"line":75,"column":null}},"type":"if","locations":[{"start":{"line":69,"column":4},"end":{"line":75,"column":null}},{"start":{"line":71,"column":4},"end":{"line":75,"column":null}}],"line":69},"14":{"loc":{"start":{"line":71,"column":4},"end":{"line":75,"column":null}},"type":"if","locations":[{"start":{"line":71,"column":4},"end":{"line":75,"column":null}},{"start":{"line":73,"column":11},"end":{"line":75,"column":null}}],"line":71},"15":{"loc":{"start":{"line":83,"column":2},"end":{"line":108,"column":null}},"type":"if","locations":[{"start":{"line":83,"column":2},"end":{"line":108,"column":null}},{"start":{"line":85,"column":2},"end":{"line":108,"column":null}}],"line":83},"16":{"loc":{"start":{"line":85,"column":2},"end":{"line":108,"column":null}},"type":"if","locations":[{"start":{"line":85,"column":2},"end":{"line":108,"column":null}},{"start":{"line":104,"column":2},"end":{"line":108,"column":null}}],"line":85},"17":{"loc":{"start":{"line":104,"column":2},"end":{"line":108,"column":null}},"type":"if","locations":[{"start":{"line":104,"column":2},"end":{"line":108,"column":null}},{"start":{"line":106,"column":2},"end":{"line":108,"column":null}}],"line":104},"18":{"loc":{"start":{"line":106,"column":2},"end":{"line":108,"column":null}},"type":"if","locations":[{"start":{"line":106,"column":2},"end":{"line":108,"column":null}},{"start":{},"end":{}}],"line":106}},"s":{"0":2,"1":4,"2":4,"3":0,"4":4,"5":0,"6":0,"7":4,"8":0,"9":0,"10":0,"11":0,"12":0,"13":0,"14":0,"15":0,"16":0,"17":0,"18":0,"19":0,"20":0,"21":0,"22":0,"23":0,"24":4,"25":0,"26":0,"27":0,"28":0,"29":0,"30":0,"31":0,"32":0,"33":0,"34":0,"35":0,"36":0,"37":0,"38":0,"39":4,"40":4,"41":4,"42":4,"43":0,"44":4,"45":4,"46":4,"47":4,"48":0,"49":0,"50":0,"51":0,"52":0},"f":{"0":4,"1":0,"2":0,"3":0},"b":{"0":[4],"1":[4,0],"2":[4,4],"3":[0,4],"4":[0,0],"5":[0,0],"6":[0,0],"7":[0,0],"8":[0,0],"9":[0,0],"10":[0,0],"11":[0,0],"12":[0,0],"13":[0,0],"14":[0,0],"15":[0,4],"16":[4,0],"17":[0,0],"18":[0,0]},"meta":{"lastBranch":19,"lastFunction":4,"lastStatement":53,"seen":{"s:1:26:111:Infinity":0,"f:1:26:1:Infinity":0,"b:3:64:3:Infinity":0,"s:6:4:8:Infinity":1,"b:7:8:7:Infinity:8:8:8:Infinity":1,"b:6:4:6:32:6:32:6:Infinity":2,"b:11:2:13:Infinity:undefined:undefined:undefined:undefined":3,"s:11:2:13:Infinity":2,"s:12:4:12:Infinity":3,"s:16:29:32:Infinity":4,"f:16:29:16:30":1,"s:17:19:30:Infinity":5,"s:31:4:31:Infinity":6,"s:35:29:55:Infinity":7,"f:35:29:35:30":2,"s:36:16:36:Infinity":8,"s:37:20:37:Infinity":9,"s:38:21:38:Infinity":10,"s:39:20:39:Infinity":11,"s:40:20:40:Infinity":12,"s:41:18:41:Infinity":13,"s:42:17:42:Infinity":14,"b:44:4:54:Infinity:46:4:54:Infinity":4,"s:44:4:54:Infinity":15,"s:45:6:45:Infinity":16,"b:46:4:54:Infinity:48:4:54:Infinity":5,"s:46:4:54:Infinity":17,"s:47:6:47:Infinity":18,"b:47:41:47:47:47:47:47:49":6,"b:48:4:54:Infinity:50:4:54:Infinity":7,"s:48:4:54:Infinity":19,"s:49:6:49:Infinity":20,"b:49:44:49:50:49:50:49:52":8,"b:50:4:54:Infinity:52:11:54:Infinity":9,"s:50:4:54:Infinity":21,"s:51:6:51:Infinity":22,"b:51:50:51:56:51:56:51:58":10,"s:53:6:53:Infinity":23,"b:53:51:53:57:53:57:53:59":11,"s:58:34:76:Infinity":24,"f:58:34:58:35":3,"s:59:16:59:Infinity":25,"s:60:20:60:Infinity":26,"s:61:21:61:Infinity":27,"s:62:20:62:Infinity":28,"s:63:20:63:Infinity":29,"s:64:18:64:Infinity":30,"s:65:17:65:Infinity":31,"b:67:4:75:Infinity:69:4:75:Infinity":12,"s:67:4:75:Infinity":32,"s:68:6:68:Infinity":33,"b:69:4:75:Infinity:71:4:75:Infinity":13,"s:69:4:75:Infinity":34,"s:70:6:70:Infinity":35,"b:71:4:75:Infinity:73:11:75:Infinity":14,"s:71:4:75:Infinity":36,"s:72:6:72:Infinity":37,"s:74:6:74:Infinity":38,"s:79:14:79:Infinity":39,"s:80:16:80:Infinity":40,"s:81:15:81:Infinity":41,"b:83:2:108:Infinity:85:2:108:Infinity":15,"s:83:2:108:Infinity":42,"s:84:4:84:Infinity":43,"b:85:2:108:Infinity:104:2:108:Infinity":16,"s:85:2:108:Infinity":44,"s:87:19:100:Infinity":45,"s:101:22:101:Infinity":46,"s:103:4:103:Infinity":47,"b:104:2:108:Infinity:106:2:108:Infinity":17,"s:104:2:108:Infinity":48,"s:105:4:105:Infinity":49,"b:106:2:108:Infinity:undefined:undefined:undefined:undefined":18,"s:106:2:108:Infinity":50,"s:107:4:107:Infinity":51,"s:110:2:110:Infinity":52}}}
}
